#! /usr/bin/vvp
:ivl_version "11.0 (stable)";
:ivl_delay_selection "TYPICAL";
:vpi_time_precision - 12;
:vpi_module "/usr/lib/x86_64-linux-gnu/ivl/system.vpi";
:vpi_module "/usr/lib/x86_64-linux-gnu/ivl/vhdl_sys.vpi";
:vpi_module "/usr/lib/x86_64-linux-gnu/ivl/vhdl_textio.vpi";
:vpi_module "/usr/lib/x86_64-linux-gnu/ivl/v2005_math.vpi";
:vpi_module "/usr/lib/x86_64-linux-gnu/ivl/va_math.vpi";
S_0x556a8394b4b0 .scope module, "main" "main" 2 3;
 .timescale -12 -12;
L_0x556a839c6e40 .functor AND 1, L_0x556a839c7520, L_0x556a839c7780, C4<1>, C4<1>;
L_0x556a8394be00 .functor AND 1, L_0x556a839c9a50, L_0x556a839c9cd0, C4<1>, C4<1>;
L_0x556a839496b0 .functor XNOR 1, L_0x556a839ca1e0, L_0x556a839ca400, C4<0>, C4<0>;
L_0x556a838e1440 .functor XOR 1, L_0x556a839ca960, L_0x556a839caba0, C4<0>, C4<0>;
L_0x556a839cb0b0 .functor AND 1, L_0x556a838e1440, L_0x556a839cafc0, C4<1>, C4<1>;
L_0x556a839cb8f0 .functor XOR 1, L_0x556a839cb5b0, L_0x556a839cb820, C4<0>, C4<0>;
L_0x556a839cbcf0 .functor OR 1, L_0x556a839cb8f0, L_0x556a839cba70, C4<0>, C4<0>;
L_0x556a839cc650 .functor AND 1, L_0x556a839cc2c0, L_0x556a839cc5b0, C4<1>, C4<1>;
L_0x556a839ccfb0 .functor OR 1, L_0x556a839ccc20, L_0x556a839ccee0, C4<0>, C4<0>;
L_0x556a839cdd60 .functor AND 1, L_0x556a839cd830, L_0x556a839cdc40, C4<1>, C4<1>;
L_0x556a839cea60 .functor OR 1, L_0x556a839ce620, L_0x556a839ce740, C4<0>, C4<0>;
L_0x556a839d3830 .functor OR 1, L_0x556a839d3300, L_0x556a839d3740, C4<0>, C4<0>;
L_0x556a839d3e00 .functor OR 1, L_0x556a839d3830, L_0x556a839d39b0, C4<0>, C4<0>;
L_0x556a839d4000 .functor OR 1, L_0x556a839d3e00, L_0x556a839d3f10, C4<0>, C4<0>;
L_0x556a839d3940 .functor AND 1, L_0x556a839d5200, L_0x556a839d2d40, C4<1>, C4<1>;
L_0x556a839d5fe0 .functor OR 1, L_0x556a839d5a50, L_0x556a839d5ef0, C4<0>, C4<0>;
L_0x556a839d6630 .functor OR 1, L_0x556a839d5fe0, L_0x556a839d6180, C4<0>, C4<0>;
L_0x556a839d6a40 .functor OR 1, L_0x556a839d6630, L_0x556a839d6740, C4<0>, C4<0>;
L_0x556a839d70b0 .functor OR 1, L_0x556a839d6a40, L_0x556a839d6bf0, C4<0>, C4<0>;
L_0x556a839d7350 .functor BUFZ 3, L_0x556a839c6450, C4<000>, C4<000>, C4<000>;
L_0x7efca7995408 .functor BUFT 1, C4<01>, C4<0>, C4<0>, C4<0>;
v0x556a839b9e70_0 .net/2u *"_ivl_100", 1 0, L_0x7efca7995408;  1 drivers
L_0x7efca7995450 .functor BUFT 1, C4<000111>, C4<0>, C4<0>, C4<0>;
v0x556a839b9f70_0 .net/2u *"_ivl_102", 5 0, L_0x7efca7995450;  1 drivers
v0x556a839ba050_0 .net *"_ivl_104", 0 0, L_0x556a839c90c0;  1 drivers
v0x556a839ba0f0_0 .net *"_ivl_107", 0 0, L_0x556a839c8e00;  1 drivers
v0x556a839ba1d0_0 .net *"_ivl_109", 0 0, L_0x556a839c9310;  1 drivers
v0x556a839ba290_0 .net *"_ivl_110", 1 0, L_0x556a839c94f0;  1 drivers
L_0x7efca7995498 .functor BUFT 1, C4<0>, C4<0>, C4<0>, C4<0>;
v0x556a839ba370_0 .net *"_ivl_113", 0 0, L_0x7efca7995498;  1 drivers
L_0x7efca79954e0 .functor BUFT 1, C4<001000>, C4<0>, C4<0>, C4<0>;
v0x556a839ba450_0 .net/2u *"_ivl_114", 5 0, L_0x7efca79954e0;  1 drivers
v0x556a839ba530_0 .net *"_ivl_116", 0 0, L_0x556a839c9740;  1 drivers
v0x556a839ba680_0 .net *"_ivl_119", 0 0, L_0x556a839c99b0;  1 drivers
v0x556a839ba760_0 .net *"_ivl_121", 0 0, L_0x556a839c9a50;  1 drivers
v0x556a839ba820_0 .net *"_ivl_123", 0 0, L_0x556a839c9cd0;  1 drivers
v0x556a839ba900_0 .net *"_ivl_125", 0 0, L_0x556a8394be00;  1 drivers
v0x556a839ba9c0_0 .net *"_ivl_126", 1 0, L_0x556a839c9e40;  1 drivers
L_0x7efca7995528 .functor BUFT 1, C4<0>, C4<0>, C4<0>, C4<0>;
v0x556a839baaa0_0 .net *"_ivl_129", 0 0, L_0x7efca7995528;  1 drivers
L_0x7efca7995570 .functor BUFT 1, C4<001001>, C4<0>, C4<0>, C4<0>;
v0x556a839bab80_0 .net/2u *"_ivl_130", 5 0, L_0x7efca7995570;  1 drivers
v0x556a839bac60_0 .net *"_ivl_132", 0 0, L_0x556a839ca0f0;  1 drivers
v0x556a839bae30_0 .net *"_ivl_135", 0 0, L_0x556a839ca1e0;  1 drivers
v0x556a839baf10_0 .net *"_ivl_137", 0 0, L_0x556a839ca400;  1 drivers
v0x556a839baff0_0 .net *"_ivl_138", 0 0, L_0x556a839496b0;  1 drivers
v0x556a839bb0b0_0 .net *"_ivl_140", 1 0, L_0x556a839ca5a0;  1 drivers
L_0x7efca79955b8 .functor BUFT 1, C4<0>, C4<0>, C4<0>, C4<0>;
v0x556a839bb190_0 .net *"_ivl_143", 0 0, L_0x7efca79955b8;  1 drivers
L_0x7efca7995600 .functor BUFT 1, C4<001010>, C4<0>, C4<0>, C4<0>;
v0x556a839bb270_0 .net/2u *"_ivl_144", 5 0, L_0x7efca7995600;  1 drivers
v0x556a839bb350_0 .net *"_ivl_146", 0 0, L_0x556a839ca870;  1 drivers
v0x556a839bb410_0 .net *"_ivl_149", 0 0, L_0x556a839ca960;  1 drivers
v0x556a839bb4f0_0 .net *"_ivl_15", 0 0, L_0x556a839c67e0;  1 drivers
v0x556a839bb5d0_0 .net *"_ivl_151", 0 0, L_0x556a839caba0;  1 drivers
v0x556a839bb6b0_0 .net *"_ivl_152", 0 0, L_0x556a838e1440;  1 drivers
v0x556a839bb770_0 .net *"_ivl_155", 0 0, L_0x556a839cad70;  1 drivers
v0x556a839bb850_0 .net *"_ivl_157", 0 0, L_0x556a839cafc0;  1 drivers
v0x556a839bb910_0 .net *"_ivl_159", 0 0, L_0x556a839cb0b0;  1 drivers
v0x556a839bb9d0_0 .net *"_ivl_16", 8 0, L_0x556a839c6920;  1 drivers
v0x556a839bbab0_0 .net *"_ivl_160", 1 0, L_0x556a839cb1c0;  1 drivers
L_0x7efca7995648 .functor BUFT 1, C4<0>, C4<0>, C4<0>, C4<0>;
v0x556a839bbb90_0 .net *"_ivl_163", 0 0, L_0x7efca7995648;  1 drivers
L_0x7efca7995690 .functor BUFT 1, C4<001011>, C4<0>, C4<0>, C4<0>;
v0x556a839bbc70_0 .net/2u *"_ivl_164", 5 0, L_0x7efca7995690;  1 drivers
v0x556a839bbd50_0 .net *"_ivl_166", 0 0, L_0x556a839cb4c0;  1 drivers
v0x556a839bbe10_0 .net *"_ivl_169", 0 0, L_0x556a839cb5b0;  1 drivers
v0x556a839bbef0_0 .net *"_ivl_171", 0 0, L_0x556a839cb820;  1 drivers
v0x556a839bbfd0_0 .net *"_ivl_172", 0 0, L_0x556a839cb8f0;  1 drivers
v0x556a839bc090_0 .net *"_ivl_175", 0 0, L_0x556a839cba70;  1 drivers
v0x556a839bc170_0 .net *"_ivl_177", 0 0, L_0x556a839cbcf0;  1 drivers
v0x556a839bc230_0 .net *"_ivl_178", 1 0, L_0x556a839cbe00;  1 drivers
L_0x7efca79956d8 .functor BUFT 1, C4<0>, C4<0>, C4<0>, C4<0>;
v0x556a839bc310_0 .net *"_ivl_181", 0 0, L_0x7efca79956d8;  1 drivers
L_0x7efca7995720 .functor BUFT 1, C4<001100>, C4<0>, C4<0>, C4<0>;
v0x556a839bc3f0_0 .net/2u *"_ivl_182", 5 0, L_0x7efca7995720;  1 drivers
v0x556a839bc4d0_0 .net *"_ivl_184", 0 0, L_0x556a839cbf40;  1 drivers
v0x556a839bc590_0 .net *"_ivl_187", 0 0, L_0x556a839cc220;  1 drivers
v0x556a839bc670_0 .net *"_ivl_189", 0 0, L_0x556a839cc2c0;  1 drivers
v0x556a839bc730_0 .net *"_ivl_191", 0 0, L_0x556a839cc5b0;  1 drivers
v0x556a839bc810_0 .net *"_ivl_193", 0 0, L_0x556a839cc650;  1 drivers
v0x556a839bc8d0_0 .net *"_ivl_194", 1 0, L_0x556a839cc7e0;  1 drivers
L_0x7efca7995768 .functor BUFT 1, C4<0>, C4<0>, C4<0>, C4<0>;
v0x556a839bc9b0_0 .net *"_ivl_197", 0 0, L_0x7efca7995768;  1 drivers
L_0x7efca79957b0 .functor BUFT 1, C4<001101>, C4<0>, C4<0>, C4<0>;
v0x556a839bca90_0 .net/2u *"_ivl_198", 5 0, L_0x7efca79957b0;  1 drivers
L_0x7efca7995018 .functor BUFT 1, C4<000000>, C4<0>, C4<0>, C4<0>;
v0x556a839bcb70_0 .net/2u *"_ivl_20", 5 0, L_0x7efca7995018;  1 drivers
v0x556a839bcc50_0 .net *"_ivl_200", 0 0, L_0x556a839ccb30;  1 drivers
v0x556a839bcd10_0 .net *"_ivl_203", 0 0, L_0x556a839ccc20;  1 drivers
v0x556a839bcdf0_0 .net *"_ivl_205", 0 0, L_0x556a839ccee0;  1 drivers
v0x556a839bced0_0 .net *"_ivl_207", 0 0, L_0x556a839ccfb0;  1 drivers
v0x556a839bcf90_0 .net *"_ivl_208", 1 0, L_0x556a839cd0f0;  1 drivers
L_0x7efca79957f8 .functor BUFT 1, C4<0>, C4<0>, C4<0>, C4<0>;
v0x556a839bd070_0 .net *"_ivl_211", 0 0, L_0x7efca79957f8;  1 drivers
L_0x7efca7995840 .functor BUFT 1, C4<001110>, C4<0>, C4<0>, C4<0>;
v0x556a839bd150_0 .net/2u *"_ivl_212", 5 0, L_0x7efca7995840;  1 drivers
v0x556a839bd230_0 .net *"_ivl_214", 0 0, L_0x556a839cd460;  1 drivers
v0x556a839bd2f0_0 .net *"_ivl_217", 0 0, L_0x556a839cd550;  1 drivers
v0x556a839bd3d0_0 .net *"_ivl_219", 0 0, L_0x556a839cd830;  1 drivers
v0x556a839bd490_0 .net *"_ivl_221", 0 0, L_0x556a839cd950;  1 drivers
v0x556a839bd570_0 .net *"_ivl_223", 0 0, L_0x556a839cdc40;  1 drivers
v0x556a839bd630_0 .net *"_ivl_225", 0 0, L_0x556a839cdd60;  1 drivers
v0x556a839bd6f0_0 .net *"_ivl_226", 1 0, L_0x556a839cded0;  1 drivers
L_0x7efca7995888 .functor BUFT 1, C4<0>, C4<0>, C4<0>, C4<0>;
v0x556a839bd7d0_0 .net *"_ivl_229", 0 0, L_0x7efca7995888;  1 drivers
L_0x7efca79958d0 .functor BUFT 1, C4<001111>, C4<0>, C4<0>, C4<0>;
v0x556a839bd8b0_0 .net/2u *"_ivl_230", 5 0, L_0x7efca79958d0;  1 drivers
v0x556a839bd990_0 .net *"_ivl_232", 0 0, L_0x556a839ce220;  1 drivers
v0x556a839bda50_0 .net *"_ivl_235", 0 0, L_0x556a839ce310;  1 drivers
v0x556a839bdb30_0 .net *"_ivl_237", 0 0, L_0x556a839ce620;  1 drivers
v0x556a839bdbf0_0 .net *"_ivl_239", 0 0, L_0x556a839ce740;  1 drivers
v0x556a839bdcd0_0 .net *"_ivl_241", 0 0, L_0x556a839cea60;  1 drivers
v0x556a839bdd90_0 .net *"_ivl_242", 1 0, L_0x556a839ceba0;  1 drivers
L_0x7efca7995918 .functor BUFT 1, C4<0>, C4<0>, C4<0>, C4<0>;
v0x556a839bde70_0 .net *"_ivl_245", 0 0, L_0x7efca7995918;  1 drivers
L_0x7efca7995960 .functor BUFT 1, C4<010000>, C4<0>, C4<0>, C4<0>;
v0x556a839bdf50_0 .net/2u *"_ivl_246", 5 0, L_0x7efca7995960;  1 drivers
v0x556a839be030_0 .net *"_ivl_248", 0 0, L_0x556a839ceef0;  1 drivers
v0x556a839be0f0_0 .net *"_ivl_251", 0 0, L_0x556a839cf270;  1 drivers
v0x556a839be1d0_0 .net *"_ivl_253", 0 0, L_0x556a839cf310;  1 drivers
v0x556a839be290_0 .net *"_ivl_254", 1 0, L_0x556a839cf6d0;  1 drivers
L_0x7efca79959a8 .functor BUFT 1, C4<0>, C4<0>, C4<0>, C4<0>;
v0x556a839be370_0 .net *"_ivl_257", 0 0, L_0x7efca79959a8;  1 drivers
L_0x7efca79959f0 .functor BUFT 1, C4<00>, C4<0>, C4<0>, C4<0>;
v0x556a839be450_0 .net/2u *"_ivl_258", 1 0, L_0x7efca79959f0;  1 drivers
L_0x7efca7995060 .functor BUFT 1, C4<000000>, C4<0>, C4<0>, C4<0>;
v0x556a839be530_0 .net/2u *"_ivl_26", 5 0, L_0x7efca7995060;  1 drivers
v0x556a839be610_0 .net *"_ivl_260", 1 0, L_0x556a839cf810;  1 drivers
v0x556a839be6f0_0 .net *"_ivl_262", 1 0, L_0x556a839cfc80;  1 drivers
v0x556a839be7d0_0 .net *"_ivl_264", 1 0, L_0x556a839cfe10;  1 drivers
v0x556a839be8b0_0 .net *"_ivl_266", 1 0, L_0x556a839d0260;  1 drivers
v0x556a839be990_0 .net *"_ivl_268", 1 0, L_0x556a839d03f0;  1 drivers
v0x556a839bea70_0 .net *"_ivl_270", 1 0, L_0x556a839d0850;  1 drivers
v0x556a839beb50_0 .net *"_ivl_272", 1 0, L_0x556a839d09e0;  1 drivers
v0x556a839bec30_0 .net *"_ivl_274", 1 0, L_0x556a839d0e50;  1 drivers
v0x556a839bed10_0 .net *"_ivl_276", 1 0, L_0x556a839d0fe0;  1 drivers
v0x556a839bedf0_0 .net *"_ivl_278", 1 0, L_0x556a839d1460;  1 drivers
v0x556a839beed0_0 .net *"_ivl_28", 0 0, L_0x556a839c6eb0;  1 drivers
v0x556a839bef90_0 .net *"_ivl_280", 1 0, L_0x556a839d15f0;  1 drivers
v0x556a839bf070_0 .net *"_ivl_282", 1 0, L_0x556a839d1a80;  1 drivers
v0x556a839bf150_0 .net *"_ivl_284", 1 0, L_0x556a839d1c10;  1 drivers
v0x556a839bf230_0 .net *"_ivl_286", 1 0, L_0x556a839d20b0;  1 drivers
v0x556a839bf310_0 .net *"_ivl_288", 1 0, L_0x556a839d2240;  1 drivers
v0x556a839bf3f0_0 .net *"_ivl_290", 1 0, L_0x556a839d26f0;  1 drivers
v0x556a839bf4d0_0 .net *"_ivl_292", 1 0, L_0x556a839d2880;  1 drivers
L_0x7efca7995a38 .functor BUFT 1, C4<100>, C4<0>, C4<0>, C4<0>;
v0x556a839bf5b0_0 .net/2u *"_ivl_296", 2 0, L_0x7efca7995a38;  1 drivers
L_0x7efca7995a80 .functor BUFT 1, C4<011>, C4<0>, C4<0>, C4<0>;
v0x556a839bf690_0 .net/2u *"_ivl_300", 2 0, L_0x7efca7995a80;  1 drivers
L_0x7efca7995ac8 .functor BUFT 1, C4<001>, C4<0>, C4<0>, C4<0>;
v0x556a839bf770_0 .net/2u *"_ivl_304", 2 0, L_0x7efca7995ac8;  1 drivers
v0x556a839bf850_0 .net *"_ivl_306", 0 0, L_0x556a839d3300;  1 drivers
L_0x7efca7995b10 .functor BUFT 1, C4<100>, C4<0>, C4<0>, C4<0>;
v0x556a839bf910_0 .net/2u *"_ivl_308", 2 0, L_0x7efca7995b10;  1 drivers
v0x556a839bf9f0_0 .net *"_ivl_31", 0 0, L_0x556a839c7020;  1 drivers
v0x556a839bfad0_0 .net *"_ivl_310", 0 0, L_0x556a839d3740;  1 drivers
v0x556a839bfb90_0 .net *"_ivl_313", 0 0, L_0x556a839d3830;  1 drivers
L_0x7efca7995b58 .functor BUFT 1, C4<101>, C4<0>, C4<0>, C4<0>;
v0x556a839bfc50_0 .net/2u *"_ivl_314", 2 0, L_0x7efca7995b58;  1 drivers
v0x556a839bfd30_0 .net *"_ivl_316", 0 0, L_0x556a839d39b0;  1 drivers
v0x556a839bfdf0_0 .net *"_ivl_319", 0 0, L_0x556a839d3e00;  1 drivers
v0x556a839bfeb0_0 .net *"_ivl_32", 1 0, L_0x556a839c7190;  1 drivers
L_0x7efca7995ba0 .functor BUFT 1, C4<101>, C4<0>, C4<0>, C4<0>;
v0x556a839bff90_0 .net/2u *"_ivl_320", 2 0, L_0x7efca7995ba0;  1 drivers
v0x556a839c0070_0 .net *"_ivl_322", 0 0, L_0x556a839d3f10;  1 drivers
L_0x7efca7995be8 .functor BUFT 1, C4<101>, C4<0>, C4<0>, C4<0>;
v0x556a839c0130_0 .net/2u *"_ivl_326", 2 0, L_0x7efca7995be8;  1 drivers
v0x556a839c0210_0 .net *"_ivl_328", 0 0, L_0x556a839d4190;  1 drivers
L_0x7efca7995c30 .functor BUFT 1, C4<01>, C4<0>, C4<0>, C4<0>;
v0x556a839c02d0_0 .net/2u *"_ivl_330", 1 0, L_0x7efca7995c30;  1 drivers
L_0x7efca7995c78 .functor BUFT 1, C4<111>, C4<0>, C4<0>, C4<0>;
v0x556a839c03b0_0 .net/2u *"_ivl_332", 2 0, L_0x7efca7995c78;  1 drivers
v0x556a839c0490_0 .net *"_ivl_334", 0 0, L_0x556a839d45f0;  1 drivers
L_0x7efca7995cc0 .functor BUFT 1, C4<00>, C4<0>, C4<0>, C4<0>;
v0x556a839c0550_0 .net/2u *"_ivl_336", 1 0, L_0x7efca7995cc0;  1 drivers
L_0x7efca7995d08 .functor BUFT 1, C4<10>, C4<0>, C4<0>, C4<0>;
v0x556a839c0630_0 .net/2u *"_ivl_338", 1 0, L_0x7efca7995d08;  1 drivers
v0x556a839c0710_0 .net *"_ivl_340", 1 0, L_0x556a839d46e0;  1 drivers
L_0x7efca7995d50 .functor BUFT 1, C4<111>, C4<0>, C4<0>, C4<0>;
v0x556a839c07f0_0 .net/2u *"_ivl_344", 2 0, L_0x7efca7995d50;  1 drivers
v0x556a839c08d0_0 .net *"_ivl_346", 0 0, L_0x556a839d4d80;  1 drivers
L_0x7efca7995d98 .functor BUFT 1, C4<10>, C4<0>, C4<0>, C4<0>;
v0x556a839c0990_0 .net/2u *"_ivl_348", 1 0, L_0x7efca7995d98;  1 drivers
L_0x7efca79950a8 .functor BUFT 1, C4<0>, C4<0>, C4<0>, C4<0>;
v0x556a839c0a70_0 .net *"_ivl_35", 0 0, L_0x7efca79950a8;  1 drivers
L_0x7efca7995de0 .functor BUFT 1, C4<110>, C4<0>, C4<0>, C4<0>;
v0x556a839c0b50_0 .net/2u *"_ivl_350", 2 0, L_0x7efca7995de0;  1 drivers
v0x556a839c1440_0 .net *"_ivl_352", 0 0, L_0x556a839d5200;  1 drivers
v0x556a839c1500_0 .net *"_ivl_355", 0 0, L_0x556a839d3940;  1 drivers
L_0x7efca7995e28 .functor BUFT 1, C4<01>, C4<0>, C4<0>, C4<0>;
v0x556a839c15c0_0 .net/2u *"_ivl_356", 1 0, L_0x7efca7995e28;  1 drivers
L_0x7efca7995e70 .functor BUFT 1, C4<00>, C4<0>, C4<0>, C4<0>;
v0x556a839c16a0_0 .net/2u *"_ivl_358", 1 0, L_0x7efca7995e70;  1 drivers
L_0x7efca79950f0 .functor BUFT 1, C4<000001>, C4<0>, C4<0>, C4<0>;
v0x556a839c1780_0 .net/2u *"_ivl_36", 5 0, L_0x7efca79950f0;  1 drivers
v0x556a839c1860_0 .net *"_ivl_360", 1 0, L_0x556a839d5390;  1 drivers
L_0x7efca7995eb8 .functor BUFT 1, C4<000>, C4<0>, C4<0>, C4<0>;
v0x556a839c1940_0 .net/2u *"_ivl_364", 2 0, L_0x7efca7995eb8;  1 drivers
v0x556a839c1a20_0 .net *"_ivl_366", 0 0, L_0x556a839d5a50;  1 drivers
L_0x7efca7995f00 .functor BUFT 1, C4<001>, C4<0>, C4<0>, C4<0>;
v0x556a839c1ae0_0 .net/2u *"_ivl_368", 2 0, L_0x7efca7995f00;  1 drivers
v0x556a839c1bc0_0 .net *"_ivl_370", 0 0, L_0x556a839d5ef0;  1 drivers
v0x556a839c1c80_0 .net *"_ivl_373", 0 0, L_0x556a839d5fe0;  1 drivers
L_0x7efca7995f48 .functor BUFT 1, C4<011>, C4<0>, C4<0>, C4<0>;
v0x556a839c1d40_0 .net/2u *"_ivl_374", 2 0, L_0x7efca7995f48;  1 drivers
v0x556a839c1e20_0 .net *"_ivl_376", 0 0, L_0x556a839d6180;  1 drivers
v0x556a839c1ee0_0 .net *"_ivl_379", 0 0, L_0x556a839d6630;  1 drivers
v0x556a839c1fa0_0 .net *"_ivl_38", 0 0, L_0x556a839c72d0;  1 drivers
L_0x7efca7995f90 .functor BUFT 1, C4<101>, C4<0>, C4<0>, C4<0>;
v0x556a839c2060_0 .net/2u *"_ivl_380", 2 0, L_0x7efca7995f90;  1 drivers
v0x556a839c2140_0 .net *"_ivl_382", 0 0, L_0x556a839d6740;  1 drivers
v0x556a839c2200_0 .net *"_ivl_385", 0 0, L_0x556a839d6a40;  1 drivers
L_0x7efca7995fd8 .functor BUFT 1, C4<111>, C4<0>, C4<0>, C4<0>;
v0x556a839c22c0_0 .net/2u *"_ivl_386", 2 0, L_0x7efca7995fd8;  1 drivers
v0x556a839c23a0_0 .net *"_ivl_388", 0 0, L_0x556a839d6bf0;  1 drivers
L_0x7efca7996020 .functor BUFT 1, C4<100>, C4<0>, C4<0>, C4<0>;
v0x556a839c2460_0 .net/2u *"_ivl_392", 2 0, L_0x7efca7996020;  1 drivers
L_0x7efca79978e0 .functor BUFT 1, C4<00>, C4<0>, C4<0>, C4<0>;
v0x556a839c2540_0 .net/2u *"_ivl_404", 1 0, L_0x7efca79978e0;  1 drivers
v0x556a839c2620_0 .net *"_ivl_406", 0 0, L_0x556a839fde40;  1 drivers
L_0x7efca7997928 .functor BUFT 1, C4<0000000000000001>, C4<0>, C4<0>, C4<0>;
v0x556a839c26e0_0 .net/2u *"_ivl_408", 15 0, L_0x7efca7997928;  1 drivers
v0x556a839c27c0_0 .net *"_ivl_41", 0 0, L_0x556a839c7480;  1 drivers
v0x556a839c28a0_0 .net *"_ivl_410", 15 0, L_0x556a839fdf80;  1 drivers
L_0x7efca7997970 .functor BUFT 1, C4<01>, C4<0>, C4<0>, C4<0>;
v0x556a839c2980_0 .net/2u *"_ivl_412", 1 0, L_0x7efca7997970;  1 drivers
v0x556a839c2a60_0 .net *"_ivl_414", 0 0, L_0x556a839feb80;  1 drivers
L_0x7efca79979b8 .functor BUFT 1, C4<10>, C4<0>, C4<0>, C4<0>;
v0x556a839c2b20_0 .net/2u *"_ivl_416", 1 0, L_0x7efca79979b8;  1 drivers
v0x556a839c2c00_0 .net *"_ivl_418", 0 0, L_0x556a839fec70;  1 drivers
L_0x7efca7997a00 .functor BUFT 1, C4<0000000000000000>, C4<0>, C4<0>, C4<0>;
v0x556a839c2cc0_0 .net/2u *"_ivl_420", 15 0, L_0x7efca7997a00;  1 drivers
v0x556a839c2da0_0 .net *"_ivl_422", 15 0, L_0x556a839ff120;  1 drivers
v0x556a839c2e80_0 .net *"_ivl_424", 15 0, L_0x556a839ff260;  1 drivers
v0x556a839c2f60_0 .net *"_ivl_43", 0 0, L_0x556a839c7520;  1 drivers
v0x556a839c3020_0 .net *"_ivl_45", 0 0, L_0x556a839c76e0;  1 drivers
v0x556a839c3100_0 .net *"_ivl_47", 0 0, L_0x556a839c7780;  1 drivers
v0x556a839c31c0_0 .net *"_ivl_49", 0 0, L_0x556a839c6e40;  1 drivers
v0x556a839c3280_0 .net *"_ivl_50", 1 0, L_0x556a839c7640;  1 drivers
L_0x7efca7995138 .functor BUFT 1, C4<0>, C4<0>, C4<0>, C4<0>;
v0x556a839c3360_0 .net *"_ivl_53", 0 0, L_0x7efca7995138;  1 drivers
L_0x7efca7995180 .functor BUFT 1, C4<000010>, C4<0>, C4<0>, C4<0>;
v0x556a839c3440_0 .net/2u *"_ivl_54", 5 0, L_0x7efca7995180;  1 drivers
v0x556a839c3520_0 .net *"_ivl_56", 0 0, L_0x556a839c7a90;  1 drivers
v0x556a839c35e0_0 .net *"_ivl_59", 0 0, L_0x556a839c7bf0;  1 drivers
v0x556a839c36c0_0 .net *"_ivl_60", 1 0, L_0x556a839c7c90;  1 drivers
L_0x7efca79951c8 .functor BUFT 1, C4<0>, C4<0>, C4<0>, C4<0>;
v0x556a839c37a0_0 .net *"_ivl_63", 0 0, L_0x7efca79951c8;  1 drivers
L_0x7efca7995210 .functor BUFT 1, C4<000011>, C4<0>, C4<0>, C4<0>;
v0x556a839c3880_0 .net/2u *"_ivl_64", 5 0, L_0x7efca7995210;  1 drivers
v0x556a839c3960_0 .net *"_ivl_66", 0 0, L_0x556a839c7ea0;  1 drivers
v0x556a839c3a20_0 .net *"_ivl_69", 0 0, L_0x556a839c7fc0;  1 drivers
v0x556a839c3b00_0 .net *"_ivl_70", 1 0, L_0x556a839c8140;  1 drivers
L_0x7efca7995258 .functor BUFT 1, C4<0>, C4<0>, C4<0>, C4<0>;
v0x556a839c3be0_0 .net *"_ivl_73", 0 0, L_0x7efca7995258;  1 drivers
L_0x7efca79952a0 .functor BUFT 1, C4<000100>, C4<0>, C4<0>, C4<0>;
v0x556a839c3cc0_0 .net/2u *"_ivl_74", 5 0, L_0x7efca79952a0;  1 drivers
v0x556a839c3da0_0 .net *"_ivl_76", 0 0, L_0x556a839c8340;  1 drivers
v0x556a839c3e60_0 .net *"_ivl_79", 0 0, L_0x556a839c8500;  1 drivers
v0x556a839c3f40_0 .net *"_ivl_80", 1 0, L_0x556a839c85a0;  1 drivers
L_0x7efca79952e8 .functor BUFT 1, C4<0>, C4<0>, C4<0>, C4<0>;
v0x556a839c4020_0 .net *"_ivl_83", 0 0, L_0x7efca79952e8;  1 drivers
L_0x7efca7995330 .functor BUFT 1, C4<000101>, C4<0>, C4<0>, C4<0>;
v0x556a839c4100_0 .net/2u *"_ivl_84", 5 0, L_0x7efca7995330;  1 drivers
v0x556a839c41e0_0 .net *"_ivl_86", 0 0, L_0x556a839c8810;  1 drivers
v0x556a839c42a0_0 .net *"_ivl_89", 0 0, L_0x556a839c8930;  1 drivers
v0x556a839c4380_0 .net *"_ivl_91", 0 0, L_0x556a839c8bf0;  1 drivers
v0x556a839c4440_0 .net *"_ivl_92", 1 0, L_0x556a839c8d10;  1 drivers
L_0x7efca7995378 .functor BUFT 1, C4<0>, C4<0>, C4<0>, C4<0>;
v0x556a839c4520_0 .net *"_ivl_95", 0 0, L_0x7efca7995378;  1 drivers
L_0x7efca79953c0 .functor BUFT 1, C4<000110>, C4<0>, C4<0>, C4<0>;
v0x556a839c4600_0 .net/2u *"_ivl_96", 5 0, L_0x7efca79953c0;  1 drivers
v0x556a839c46e0_0 .net *"_ivl_98", 0 0, L_0x556a839c8f70;  1 drivers
v0x556a839c47a0_0 .net "alu_op", 3 0, L_0x556a839c64f0;  1 drivers
v0x556a839c4860_0 .net "branch_code", 5 0, L_0x556a839c6da0;  1 drivers
v0x556a839c4920_0 .net "clk", 0 0, L_0x556a8398cda0;  1 drivers
v0x556a839c49c0_0 .net "d_1", 15 0, L_0x556a839e7d10;  1 drivers
v0x556a839c4a80_0 .net "d_2", 15 0, L_0x556a839e8300;  1 drivers
v0x556a839c4b20_0 .net "flags", 3 0, v0x556a839b6500_0;  1 drivers
v0x556a839c4be0_0 .var "halt", 0 0;
v0x556a839c4cb0_0 .net "imm10", 9 0, L_0x556a839c6740;  1 drivers
v0x556a839c4d50_0 .net "imm7", 6 0, L_0x556a839c6660;  1 drivers
v0x556a839c4e30_0 .net "instr", 15 0, L_0x556a839e8740;  1 drivers
v0x556a839c4f20_0 .net "left_shift_6", 15 0, L_0x556a839c6c80;  1 drivers
v0x556a839c4fe0_0 .net "lhs", 15 0, L_0x556a839e8aa0;  1 drivers
v0x556a839c50d0_0 .net "mem_out", 15 0, L_0x556a839e8990;  1 drivers
v0x556a839c51a0_0 .net "mux_lhs", 0 0, L_0x556a839d3260;  1 drivers
v0x556a839c5240_0 .net "mux_pc", 1 0, L_0x556a839d58c0;  1 drivers
v0x556a839c5320_0 .net "mux_rf", 0 0, L_0x556a839d2e30;  1 drivers
v0x556a839c53e0_0 .net "mux_rhs", 0 0, L_0x556a839d4000;  1 drivers
v0x556a839c54a0_0 .net "mux_tgt", 1 0, L_0x556a839d4bf0;  1 drivers
v0x556a839c5580_0 .net "op", 2 0, L_0x556a839c6220;  1 drivers
v0x556a839c5670_0 .var "pc", 15 0;
v0x556a839c5740_0 .net "r_a", 2 0, L_0x556a839c6360;  1 drivers
v0x556a839c5810_0 .net "r_b", 2 0, L_0x556a839c6450;  1 drivers
v0x556a839c58d0_0 .net "r_c", 2 0, L_0x556a839c65c0;  1 drivers
v0x556a839c59b0_0 .net "ret_val", 15 0, L_0x556a839e84a0;  1 drivers
v0x556a839c5ac0_0 .net "rhs", 15 0, L_0x556a839e8c30;  1 drivers
v0x556a839c5b80_0 .net "rslt", 15 0, L_0x556a839f4690;  1 drivers
v0x556a839c5c20_0 .net "s_1", 2 0, L_0x556a839d7350;  1 drivers
v0x556a839c5d10_0 .net "s_2", 2 0, L_0x556a839d6b50;  1 drivers
v0x556a839c5de0_0 .net "sign_ext_7", 15 0, L_0x556a839c6b80;  1 drivers
v0x556a839c5ea0_0 .net "taken", 0 0, L_0x556a839d2d40;  1 drivers
v0x556a839c5f60_0 .net "tgt", 15 0, L_0x556a839ff7c0;  1 drivers
v0x556a839c6050_0 .net "we_mem", 0 0, L_0x556a839d7210;  1 drivers
v0x556a839c6120_0 .net "we_rf", 0 0, L_0x556a839d70b0;  1 drivers
L_0x556a839c6220 .part L_0x556a839e8740, 13, 3;
L_0x556a839c6360 .part L_0x556a839e8740, 10, 3;
L_0x556a839c6450 .part L_0x556a839e8740, 7, 3;
L_0x556a839c64f0 .part L_0x556a839e8740, 3, 4;
L_0x556a839c65c0 .part L_0x556a839e8740, 0, 3;
L_0x556a839c6660 .part L_0x556a839e8740, 0, 7;
L_0x556a839c6740 .part L_0x556a839e8740, 0, 10;
L_0x556a839c67e0 .part L_0x556a839c6660, 6, 1;
LS_0x556a839c6920_0_0 .concat [ 1 1 1 1], L_0x556a839c67e0, L_0x556a839c67e0, L_0x556a839c67e0, L_0x556a839c67e0;
LS_0x556a839c6920_0_4 .concat [ 1 1 1 1], L_0x556a839c67e0, L_0x556a839c67e0, L_0x556a839c67e0, L_0x556a839c67e0;
LS_0x556a839c6920_0_8 .concat [ 1 0 0 0], L_0x556a839c67e0;
L_0x556a839c6920 .concat [ 4 4 1 0], LS_0x556a839c6920_0_0, LS_0x556a839c6920_0_4, LS_0x556a839c6920_0_8;
L_0x556a839c6b80 .concat [ 7 9 0 0], L_0x556a839c6660, L_0x556a839c6920;
L_0x556a839c6c80 .concat [ 6 10 0 0], L_0x7efca7995018, L_0x556a839c6740;
L_0x556a839c6da0 .part L_0x556a839e8740, 7, 6;
L_0x556a839c6eb0 .cmp/eq 6, L_0x556a839c6da0, L_0x7efca7995060;
L_0x556a839c7020 .part v0x556a839b6500_0, 1, 1;
L_0x556a839c7190 .concat [ 1 1 0 0], L_0x556a839c7020, L_0x7efca79950a8;
L_0x556a839c72d0 .cmp/eq 6, L_0x556a839c6da0, L_0x7efca79950f0;
L_0x556a839c7480 .part v0x556a839b6500_0, 1, 1;
L_0x556a839c7520 .reduce/nor L_0x556a839c7480;
L_0x556a839c76e0 .part v0x556a839b6500_0, 2, 1;
L_0x556a839c7780 .reduce/nor L_0x556a839c76e0;
L_0x556a839c7640 .concat [ 1 1 0 0], L_0x556a839c6e40, L_0x7efca7995138;
L_0x556a839c7a90 .cmp/eq 6, L_0x556a839c6da0, L_0x7efca7995180;
L_0x556a839c7bf0 .part v0x556a839b6500_0, 2, 1;
L_0x556a839c7c90 .concat [ 1 1 0 0], L_0x556a839c7bf0, L_0x7efca79951c8;
L_0x556a839c7ea0 .cmp/eq 6, L_0x556a839c6da0, L_0x7efca7995210;
L_0x556a839c7fc0 .part v0x556a839b6500_0, 0, 1;
L_0x556a839c8140 .concat [ 1 1 0 0], L_0x556a839c7fc0, L_0x7efca7995258;
L_0x556a839c8340 .cmp/eq 6, L_0x556a839c6da0, L_0x7efca79952a0;
L_0x556a839c8500 .part v0x556a839b6500_0, 3, 1;
L_0x556a839c85a0 .concat [ 1 1 0 0], L_0x556a839c8500, L_0x7efca79952e8;
L_0x556a839c8810 .cmp/eq 6, L_0x556a839c6da0, L_0x7efca7995330;
L_0x556a839c8930 .part v0x556a839b6500_0, 1, 1;
L_0x556a839c8bf0 .reduce/nor L_0x556a839c8930;
L_0x556a839c8d10 .concat [ 1 1 0 0], L_0x556a839c8bf0, L_0x7efca7995378;
L_0x556a839c8f70 .cmp/eq 6, L_0x556a839c6da0, L_0x7efca79953c0;
L_0x556a839c90c0 .cmp/eq 6, L_0x556a839c6da0, L_0x7efca7995450;
L_0x556a839c8e00 .part v0x556a839b6500_0, 0, 1;
L_0x556a839c9310 .reduce/nor L_0x556a839c8e00;
L_0x556a839c94f0 .concat [ 1 1 0 0], L_0x556a839c9310, L_0x7efca7995498;
L_0x556a839c9740 .cmp/eq 6, L_0x556a839c6da0, L_0x7efca79954e0;
L_0x556a839c99b0 .part v0x556a839b6500_0, 1, 1;
L_0x556a839c9a50 .reduce/nor L_0x556a839c99b0;
L_0x556a839c9cd0 .part v0x556a839b6500_0, 0, 1;
L_0x556a839c9e40 .concat [ 1 1 0 0], L_0x556a8394be00, L_0x7efca7995528;
L_0x556a839ca0f0 .cmp/eq 6, L_0x556a839c6da0, L_0x7efca7995570;
L_0x556a839ca1e0 .part v0x556a839b6500_0, 2, 1;
L_0x556a839ca400 .part v0x556a839b6500_0, 3, 1;
L_0x556a839ca5a0 .concat [ 1 1 0 0], L_0x556a839496b0, L_0x7efca79955b8;
L_0x556a839ca870 .cmp/eq 6, L_0x556a839c6da0, L_0x7efca7995600;
L_0x556a839ca960 .part v0x556a839b6500_0, 2, 1;
L_0x556a839caba0 .part v0x556a839b6500_0, 3, 1;
L_0x556a839cad70 .part v0x556a839b6500_0, 1, 1;
L_0x556a839cafc0 .reduce/nor L_0x556a839cad70;
L_0x556a839cb1c0 .concat [ 1 1 0 0], L_0x556a839cb0b0, L_0x7efca7995648;
L_0x556a839cb4c0 .cmp/eq 6, L_0x556a839c6da0, L_0x7efca7995690;
L_0x556a839cb5b0 .part v0x556a839b6500_0, 2, 1;
L_0x556a839cb820 .part v0x556a839b6500_0, 3, 1;
L_0x556a839cba70 .part v0x556a839b6500_0, 1, 1;
L_0x556a839cbe00 .concat [ 1 1 0 0], L_0x556a839cbcf0, L_0x7efca79956d8;
L_0x556a839cbf40 .cmp/eq 6, L_0x556a839c6da0, L_0x7efca7995720;
L_0x556a839cc220 .part v0x556a839b6500_0, 1, 1;
L_0x556a839cc2c0 .reduce/nor L_0x556a839cc220;
L_0x556a839cc5b0 .part v0x556a839b6500_0, 0, 1;
L_0x556a839cc7e0 .concat [ 1 1 0 0], L_0x556a839cc650, L_0x7efca7995768;
L_0x556a839ccb30 .cmp/eq 6, L_0x556a839c6da0, L_0x7efca79957b0;
L_0x556a839ccc20 .part v0x556a839b6500_0, 0, 1;
L_0x556a839ccee0 .part v0x556a839b6500_0, 1, 1;
L_0x556a839cd0f0 .concat [ 1 1 0 0], L_0x556a839ccfb0, L_0x7efca79957f8;
L_0x556a839cd460 .cmp/eq 6, L_0x556a839c6da0, L_0x7efca7995840;
L_0x556a839cd550 .part v0x556a839b6500_0, 0, 1;
L_0x556a839cd830 .reduce/nor L_0x556a839cd550;
L_0x556a839cd950 .part v0x556a839b6500_0, 1, 1;
L_0x556a839cdc40 .reduce/nor L_0x556a839cd950;
L_0x556a839cded0 .concat [ 1 1 0 0], L_0x556a839cdd60, L_0x7efca7995888;
L_0x556a839ce220 .cmp/eq 6, L_0x556a839c6da0, L_0x7efca79958d0;
L_0x556a839ce310 .part v0x556a839b6500_0, 0, 1;
L_0x556a839ce620 .reduce/nor L_0x556a839ce310;
L_0x556a839ce740 .part v0x556a839b6500_0, 1, 1;
L_0x556a839ceba0 .concat [ 1 1 0 0], L_0x556a839cea60, L_0x7efca7995918;
L_0x556a839ceef0 .cmp/eq 6, L_0x556a839c6da0, L_0x7efca7995960;
L_0x556a839cf270 .part v0x556a839b6500_0, 3, 1;
L_0x556a839cf310 .reduce/nor L_0x556a839cf270;
L_0x556a839cf6d0 .concat [ 1 1 0 0], L_0x556a839cf310, L_0x7efca79959a8;
L_0x556a839cf810 .functor MUXZ 2, L_0x7efca79959f0, L_0x556a839cf6d0, L_0x556a839ceef0, C4<>;
L_0x556a839cfc80 .functor MUXZ 2, L_0x556a839cf810, L_0x556a839ceba0, L_0x556a839ce220, C4<>;
L_0x556a839cfe10 .functor MUXZ 2, L_0x556a839cfc80, L_0x556a839cded0, L_0x556a839cd460, C4<>;
L_0x556a839d0260 .functor MUXZ 2, L_0x556a839cfe10, L_0x556a839cd0f0, L_0x556a839ccb30, C4<>;
L_0x556a839d03f0 .functor MUXZ 2, L_0x556a839d0260, L_0x556a839cc7e0, L_0x556a839cbf40, C4<>;
L_0x556a839d0850 .functor MUXZ 2, L_0x556a839d03f0, L_0x556a839cbe00, L_0x556a839cb4c0, C4<>;
L_0x556a839d09e0 .functor MUXZ 2, L_0x556a839d0850, L_0x556a839cb1c0, L_0x556a839ca870, C4<>;
L_0x556a839d0e50 .functor MUXZ 2, L_0x556a839d09e0, L_0x556a839ca5a0, L_0x556a839ca0f0, C4<>;
L_0x556a839d0fe0 .functor MUXZ 2, L_0x556a839d0e50, L_0x556a839c9e40, L_0x556a839c9740, C4<>;
L_0x556a839d1460 .functor MUXZ 2, L_0x556a839d0fe0, L_0x556a839c94f0, L_0x556a839c90c0, C4<>;
L_0x556a839d15f0 .functor MUXZ 2, L_0x556a839d1460, L_0x7efca7995408, L_0x556a839c8f70, C4<>;
L_0x556a839d1a80 .functor MUXZ 2, L_0x556a839d15f0, L_0x556a839c8d10, L_0x556a839c8810, C4<>;
L_0x556a839d1c10 .functor MUXZ 2, L_0x556a839d1a80, L_0x556a839c85a0, L_0x556a839c8340, C4<>;
L_0x556a839d20b0 .functor MUXZ 2, L_0x556a839d1c10, L_0x556a839c8140, L_0x556a839c7ea0, C4<>;
L_0x556a839d2240 .functor MUXZ 2, L_0x556a839d20b0, L_0x556a839c7c90, L_0x556a839c7a90, C4<>;
L_0x556a839d26f0 .functor MUXZ 2, L_0x556a839d2240, L_0x556a839c7640, L_0x556a839c72d0, C4<>;
L_0x556a839d2880 .functor MUXZ 2, L_0x556a839d26f0, L_0x556a839c7190, L_0x556a839c6eb0, C4<>;
L_0x556a839d2d40 .part L_0x556a839d2880, 0, 1;
L_0x556a839d2e30 .cmp/eq 3, L_0x556a839c6220, L_0x7efca7995a38;
L_0x556a839d3260 .cmp/eq 3, L_0x556a839c6220, L_0x7efca7995a80;
L_0x556a839d3300 .cmp/eq 3, L_0x556a839c6220, L_0x7efca7995ac8;
L_0x556a839d3740 .cmp/eq 3, L_0x556a839c6220, L_0x7efca7995b10;
L_0x556a839d39b0 .cmp/eq 3, L_0x556a839c6220, L_0x7efca7995b58;
L_0x556a839d3f10 .cmp/eq 3, L_0x556a839c6220, L_0x7efca7995ba0;
L_0x556a839d4190 .cmp/eq 3, L_0x556a839c6220, L_0x7efca7995be8;
L_0x556a839d45f0 .cmp/eq 3, L_0x556a839c6220, L_0x7efca7995c78;
L_0x556a839d46e0 .functor MUXZ 2, L_0x7efca7995d08, L_0x7efca7995cc0, L_0x556a839d45f0, C4<>;
L_0x556a839d4bf0 .functor MUXZ 2, L_0x556a839d46e0, L_0x7efca7995c30, L_0x556a839d4190, C4<>;
L_0x556a839d4d80 .cmp/eq 3, L_0x556a839c6220, L_0x7efca7995d50;
L_0x556a839d5200 .cmp/eq 3, L_0x556a839c6220, L_0x7efca7995de0;
L_0x556a839d5390 .functor MUXZ 2, L_0x7efca7995e70, L_0x7efca7995e28, L_0x556a839d3940, C4<>;
L_0x556a839d58c0 .functor MUXZ 2, L_0x556a839d5390, L_0x7efca7995d98, L_0x556a839d4d80, C4<>;
L_0x556a839d5a50 .cmp/eq 3, L_0x556a839c6220, L_0x7efca7995eb8;
L_0x556a839d5ef0 .cmp/eq 3, L_0x556a839c6220, L_0x7efca7995f00;
L_0x556a839d6180 .cmp/eq 3, L_0x556a839c6220, L_0x7efca7995f48;
L_0x556a839d6740 .cmp/eq 3, L_0x556a839c6220, L_0x7efca7995f90;
L_0x556a839d6bf0 .cmp/eq 3, L_0x556a839c6220, L_0x7efca7995fd8;
L_0x556a839d7210 .cmp/eq 3, L_0x556a839c6220, L_0x7efca7996020;
L_0x556a839d6b50 .functor MUXZ 3, L_0x556a839c65c0, L_0x556a839c6360, L_0x556a839d2e30, C4<>;
L_0x556a839e8aa0 .functor MUXZ 16, L_0x556a839e7d10, L_0x556a839c6c80, L_0x556a839d3260, C4<>;
L_0x556a839e8c30 .functor MUXZ 16, L_0x556a839e8300, L_0x556a839c6b80, L_0x556a839d4000, C4<>;
L_0x556a839fde40 .cmp/eq 2, L_0x556a839d4bf0, L_0x7efca79978e0;
L_0x556a839fdf80 .arith/sum 16, v0x556a839c5670_0, L_0x7efca7997928;
L_0x556a839feb80 .cmp/eq 2, L_0x556a839d4bf0, L_0x7efca7997970;
L_0x556a839fec70 .cmp/eq 2, L_0x556a839d4bf0, L_0x7efca79979b8;
L_0x556a839ff120 .functor MUXZ 16, L_0x7efca7997a00, L_0x556a839f4690, L_0x556a839fec70, C4<>;
L_0x556a839ff260 .functor MUXZ 16, L_0x556a839ff120, L_0x556a839e8990, L_0x556a839feb80, C4<>;
L_0x556a839ff7c0 .functor MUXZ 16, L_0x556a839ff260, L_0x556a839fdf80, L_0x556a839fde40, C4<>;
S_0x556a83943da0 .scope module, "ALU" "ALU" 2 105, 3 2 0, S_0x556a8394b4b0;
 .timescale -12 -12;
    .port_info 0 /INPUT 1 "clk";
    .port_info 1 /INPUT 3 "op";
    .port_info 2 /INPUT 4 "alu_op";
    .port_info 3 /INPUT 16 "s_1";
    .port_info 4 /INPUT 16 "s_2";
    .port_info 5 /OUTPUT 16 "result";
    .port_info 6 /OUTPUT 4 "flags";
L_0x556a839e9f70 .functor NOT 17, L_0x556a839ea4b0, C4<00000000000000000>, C4<00000000000000000>, C4<00000000000000000>;
L_0x556a839e93e0 .functor AND 16, L_0x556a839e8aa0, L_0x556a839e8c30, C4<1111111111111111>, C4<1111111111111111>;
L_0x556a839eaab0 .functor NOT 16, L_0x556a839e93e0, C4<0000000000000000>, C4<0000000000000000>, C4<0000000000000000>;
L_0x556a839eac10 .functor OR 16, L_0x556a839e8aa0, L_0x556a839e8c30, C4<0000000000000000>, C4<0000000000000000>;
L_0x556a839eb710 .functor NOT 16, L_0x556a839ebd30, C4<0000000000000000>, C4<0000000000000000>, C4<0000000000000000>;
L_0x556a839ec070 .functor AND 16, L_0x556a839e8aa0, L_0x556a839e8c30, C4<1111111111111111>, C4<1111111111111111>;
L_0x556a839ec520 .functor XOR 16, L_0x556a839e8aa0, L_0x556a839e8c30, C4<0000000000000000>, C4<0000000000000000>;
L_0x556a839ec8f0 .functor NOT 16, L_0x556a839e8c30, C4<0000000000000000>, C4<0000000000000000>, C4<0000000000000000>;
L_0x556a839f23c0 .functor XOR 1, L_0x556a839fd920, L_0x556a839fe070, C4<0>, C4<0>;
L_0x556a839fdc10 .functor XNOR 1, L_0x556a839fe160, L_0x556a839fdb70, C4<0>, C4<0>;
L_0x556a839fdd80 .functor AND 1, L_0x556a839f23c0, L_0x556a839fdc10, C4<1>, C4<1>;
L_0x7efca7996338 .functor BUFT 1, C4<0>, C4<0>, C4<0>, C4<0>;
v0x556a8398fa40_0 .net/2u *"_ivl_0", 0 0, L_0x7efca7996338;  1 drivers
L_0x7efca79963c8 .functor BUFT 1, C4<0>, C4<0>, C4<0>, C4<0>;
v0x556a8394bf20_0 .net/2u *"_ivl_10", 0 0, L_0x7efca79963c8;  1 drivers
v0x556a839497d0_0 .net *"_ivl_100", 15 0, L_0x556a839eb670;  1 drivers
v0x556a838e2500_0 .net *"_ivl_103", 0 0, L_0x556a839eb880;  1 drivers
v0x556a839a8840_0 .net *"_ivl_104", 15 0, L_0x556a839ebd30;  1 drivers
L_0x7efca7996800 .functor BUFT 1, C4<000000000000000>, C4<0>, C4<0>, C4<0>;
v0x556a839a8920_0 .net *"_ivl_107", 14 0, L_0x7efca7996800;  1 drivers
v0x556a839a8a00_0 .net *"_ivl_108", 15 0, L_0x556a839eb710;  1 drivers
v0x556a839a8ae0_0 .net *"_ivl_110", 15 0, L_0x556a839ebfd0;  1 drivers
L_0x7efca7996848 .functor BUFT 1, C4<0101>, C4<0>, C4<0>, C4<0>;
v0x556a839a8bc0_0 .net/2u *"_ivl_112", 3 0, L_0x7efca7996848;  1 drivers
v0x556a839a8ca0_0 .net *"_ivl_114", 0 0, L_0x556a839ec180;  1 drivers
v0x556a839a8d60_0 .net *"_ivl_116", 15 0, L_0x556a839ec070;  1 drivers
L_0x7efca7996890 .functor BUFT 1, C4<0110>, C4<0>, C4<0>, C4<0>;
v0x556a839a8e40_0 .net/2u *"_ivl_118", 3 0, L_0x7efca7996890;  1 drivers
v0x556a839a8f20_0 .net *"_ivl_12", 16 0, L_0x556a839e94f0;  1 drivers
v0x556a839a9000_0 .net *"_ivl_120", 0 0, L_0x556a839ec390;  1 drivers
v0x556a839a90c0_0 .net *"_ivl_122", 15 0, L_0x556a839ec480;  1 drivers
L_0x7efca79968d8 .functor BUFT 1, C4<0111>, C4<0>, C4<0>, C4<0>;
v0x556a839a91a0_0 .net/2u *"_ivl_124", 3 0, L_0x7efca79968d8;  1 drivers
v0x556a839a9280_0 .net *"_ivl_126", 0 0, L_0x556a839ec270;  1 drivers
v0x556a839a9450_0 .net *"_ivl_128", 15 0, L_0x556a839ec520;  1 drivers
L_0x7efca7996920 .functor BUFT 1, C4<1000>, C4<0>, C4<0>, C4<0>;
v0x556a839a9530_0 .net/2u *"_ivl_130", 3 0, L_0x7efca7996920;  1 drivers
v0x556a839a9610_0 .net *"_ivl_132", 0 0, L_0x556a839ec6c0;  1 drivers
v0x556a839a96d0_0 .net *"_ivl_134", 15 0, L_0x556a839ec8f0;  1 drivers
L_0x7efca7996968 .functor BUFT 1, C4<1001>, C4<0>, C4<0>, C4<0>;
v0x556a839a97b0_0 .net/2u *"_ivl_136", 3 0, L_0x7efca7996968;  1 drivers
v0x556a839a9890_0 .net *"_ivl_138", 0 0, L_0x556a839ec9b0;  1 drivers
L_0x7efca7996410 .functor BUFT 1, C4<0>, C4<0>, C4<0>, C4<0>;
v0x556a839a9950_0 .net/2u *"_ivl_14", 0 0, L_0x7efca7996410;  1 drivers
v0x556a839a9a30_0 .net *"_ivl_141", 14 0, L_0x556a839ecaa0;  1 drivers
L_0x7efca79969b0 .functor BUFT 1, C4<0>, C4<0>, C4<0>, C4<0>;
v0x556a839a9b10_0 .net/2u *"_ivl_142", 0 0, L_0x7efca79969b0;  1 drivers
v0x556a839a9bf0_0 .net *"_ivl_144", 15 0, L_0x556a839ecc90;  1 drivers
L_0x7efca79969f8 .functor BUFT 1, C4<1010>, C4<0>, C4<0>, C4<0>;
v0x556a839a9cd0_0 .net/2u *"_ivl_146", 3 0, L_0x7efca79969f8;  1 drivers
v0x556a839a9db0_0 .net *"_ivl_148", 0 0, L_0x556a839ecdd0;  1 drivers
L_0x7efca7996a40 .functor BUFT 1, C4<0>, C4<0>, C4<0>, C4<0>;
v0x556a839a9e70_0 .net/2u *"_ivl_150", 0 0, L_0x7efca7996a40;  1 drivers
v0x556a839a9f50_0 .net *"_ivl_153", 14 0, L_0x556a839ed020;  1 drivers
v0x556a839aa030_0 .net *"_ivl_154", 15 0, L_0x556a839ed0c0;  1 drivers
L_0x7efca7996a88 .functor BUFT 1, C4<1011>, C4<0>, C4<0>, C4<0>;
v0x556a839aa110_0 .net/2u *"_ivl_156", 3 0, L_0x7efca7996a88;  1 drivers
v0x556a839aa400_0 .net *"_ivl_158", 0 0, L_0x556a839ed370;  1 drivers
v0x556a839aa4c0_0 .net *"_ivl_16", 16 0, L_0x556a839e9620;  1 drivers
v0x556a839aa5a0_0 .net *"_ivl_161", 14 0, L_0x556a839ed460;  1 drivers
v0x556a839aa680_0 .net *"_ivl_163", 0 0, L_0x556a839ed680;  1 drivers
v0x556a839aa760_0 .net *"_ivl_164", 15 0, L_0x556a839ed720;  1 drivers
L_0x7efca7996ad0 .functor BUFT 1, C4<1100>, C4<0>, C4<0>, C4<0>;
v0x556a839aa840_0 .net/2u *"_ivl_166", 3 0, L_0x7efca7996ad0;  1 drivers
v0x556a839aa920_0 .net *"_ivl_168", 0 0, L_0x556a839ed9f0;  1 drivers
v0x556a839aa9e0_0 .net *"_ivl_171", 0 0, L_0x556a839edae0;  1 drivers
v0x556a839aaac0_0 .net *"_ivl_173", 14 0, L_0x556a839edd20;  1 drivers
v0x556a839aaba0_0 .net *"_ivl_174", 15 0, L_0x556a839eddc0;  1 drivers
L_0x7efca7996b18 .functor BUFT 1, C4<1101>, C4<0>, C4<0>, C4<0>;
v0x556a839aac80_0 .net/2u *"_ivl_176", 3 0, L_0x7efca7996b18;  1 drivers
v0x556a839aad60_0 .net *"_ivl_178", 0 0, L_0x556a839ee0b0;  1 drivers
v0x556a839aae20_0 .net *"_ivl_18", 16 0, L_0x556a839e9750;  1 drivers
v0x556a839aaf00_0 .net *"_ivl_181", 0 0, L_0x556a839ee1a0;  1 drivers
v0x556a839aafe0_0 .net *"_ivl_183", 14 0, L_0x556a839ee400;  1 drivers
v0x556a839ab0c0_0 .net *"_ivl_184", 15 0, L_0x556a839ee4a0;  1 drivers
L_0x7efca7996b60 .functor BUFT 1, C4<1110>, C4<0>, C4<0>, C4<0>;
v0x556a839ab1a0_0 .net/2u *"_ivl_186", 3 0, L_0x7efca7996b60;  1 drivers
v0x556a839ab280_0 .net *"_ivl_188", 0 0, L_0x556a839ee7b0;  1 drivers
v0x556a839ab340_0 .net *"_ivl_191", 0 0, L_0x556a839ee8a0;  1 drivers
v0x556a839ab420_0 .net *"_ivl_193", 14 0, L_0x556a839eeb20;  1 drivers
v0x556a839ab500_0 .net *"_ivl_194", 15 0, L_0x556a839eebc0;  1 drivers
L_0x7efca7996ba8 .functor BUFT 1, C4<1111>, C4<0>, C4<0>, C4<0>;
v0x556a839ab5e0_0 .net/2u *"_ivl_196", 3 0, L_0x7efca7996ba8;  1 drivers
v0x556a839ab6c0_0 .net *"_ivl_198", 0 0, L_0x556a839eeef0;  1 drivers
v0x556a839ab780_0 .net *"_ivl_2", 16 0, L_0x556a839e9160;  1 drivers
v0x556a839ab860_0 .net *"_ivl_201", 14 0, L_0x556a839eefe0;  1 drivers
v0x556a839ab940_0 .net *"_ivl_203", 0 0, L_0x556a839ef280;  1 drivers
v0x556a839aba20_0 .net *"_ivl_204", 15 0, L_0x556a839ef320;  1 drivers
L_0x7efca7996bf0 .functor BUFT 1, C4<0000000000000000>, C4<0>, C4<0>, C4<0>;
v0x556a839abb00_0 .net/2u *"_ivl_206", 15 0, L_0x7efca7996bf0;  1 drivers
v0x556a839abbe0_0 .net *"_ivl_208", 15 0, L_0x556a839ef670;  1 drivers
v0x556a839abcc0_0 .net *"_ivl_21", 0 0, L_0x556a839e98d0;  1 drivers
v0x556a839abda0_0 .net *"_ivl_210", 15 0, L_0x556a839ef800;  1 drivers
v0x556a839abe80_0 .net *"_ivl_212", 15 0, L_0x556a839efbb0;  1 drivers
v0x556a839ac370_0 .net *"_ivl_214", 15 0, L_0x556a839efd40;  1 drivers
v0x556a839ac450_0 .net *"_ivl_216", 15 0, L_0x556a839f0100;  1 drivers
v0x556a839ac530_0 .net *"_ivl_218", 15 0, L_0x556a839f0290;  1 drivers
v0x556a839ac610_0 .net *"_ivl_22", 16 0, L_0x556a839e9970;  1 drivers
v0x556a839ac6f0_0 .net *"_ivl_220", 15 0, L_0x556a839f0660;  1 drivers
v0x556a839ac7d0_0 .net *"_ivl_222", 15 0, L_0x556a839f07f0;  1 drivers
v0x556a839ac8b0_0 .net *"_ivl_224", 15 0, L_0x556a839f0bd0;  1 drivers
v0x556a839ac990_0 .net *"_ivl_226", 15 0, L_0x556a839f0d60;  1 drivers
v0x556a839aca70_0 .net *"_ivl_228", 15 0, L_0x556a839f1150;  1 drivers
v0x556a839acb50_0 .net *"_ivl_230", 15 0, L_0x556a839f12e0;  1 drivers
v0x556a839acc30_0 .net *"_ivl_232", 15 0, L_0x556a839f16e0;  1 drivers
v0x556a839acd10_0 .net *"_ivl_234", 15 0, L_0x556a839f1870;  1 drivers
v0x556a839acdf0_0 .net *"_ivl_236", 15 0, L_0x556a839f1c80;  1 drivers
v0x556a839aced0_0 .net *"_ivl_238", 15 0, L_0x556a839f1e10;  1 drivers
L_0x7efca7996c38 .functor BUFT 1, C4<001>, C4<0>, C4<0>, C4<0>;
v0x556a839acfb0_0 .net/2u *"_ivl_240", 2 0, L_0x7efca7996c38;  1 drivers
v0x556a839ad090_0 .net *"_ivl_242", 0 0, L_0x556a839f2230;  1 drivers
v0x556a839ad150_0 .net *"_ivl_244", 15 0, L_0x556a839f2320;  1 drivers
L_0x7efca7996c80 .functor BUFT 1, C4<011>, C4<0>, C4<0>, C4<0>;
v0x556a839ad230_0 .net/2u *"_ivl_246", 2 0, L_0x7efca7996c80;  1 drivers
v0x556a839ad310_0 .net *"_ivl_248", 0 0, L_0x556a839f26d0;  1 drivers
L_0x7efca7996458 .functor BUFT 1, C4<0000000000000000>, C4<0>, C4<0>, C4<0>;
v0x556a839ad3d0_0 .net *"_ivl_25", 15 0, L_0x7efca7996458;  1 drivers
L_0x7efca7996cc8 .functor BUFT 1, C4<100>, C4<0>, C4<0>, C4<0>;
v0x556a839ad4b0_0 .net/2u *"_ivl_250", 2 0, L_0x7efca7996cc8;  1 drivers
v0x556a839ad590_0 .net *"_ivl_252", 0 0, L_0x556a839f27c0;  1 drivers
v0x556a839ad650_0 .net *"_ivl_254", 15 0, L_0x556a839f2b60;  1 drivers
L_0x7efca7996d10 .functor BUFT 1, C4<101>, C4<0>, C4<0>, C4<0>;
v0x556a839ad730_0 .net/2u *"_ivl_256", 2 0, L_0x7efca7996d10;  1 drivers
v0x556a839ad810_0 .net *"_ivl_258", 0 0, L_0x556a839f2c00;  1 drivers
v0x556a839ad8d0_0 .net *"_ivl_260", 15 0, L_0x556a839f2fb0;  1 drivers
L_0x7efca7996d58 .functor BUFT 1, C4<110>, C4<0>, C4<0>, C4<0>;
v0x556a839ad9b0_0 .net/2u *"_ivl_262", 2 0, L_0x7efca7996d58;  1 drivers
v0x556a839ada90_0 .net *"_ivl_264", 0 0, L_0x556a839f3050;  1 drivers
L_0x7efca7996da0 .functor BUFT 1, C4<0000000000000000>, C4<0>, C4<0>, C4<0>;
v0x556a839adb50_0 .net/2u *"_ivl_266", 15 0, L_0x7efca7996da0;  1 drivers
L_0x7efca7996de8 .functor BUFT 1, C4<111>, C4<0>, C4<0>, C4<0>;
v0x556a839adc30_0 .net/2u *"_ivl_268", 2 0, L_0x7efca7996de8;  1 drivers
v0x556a839add10_0 .net *"_ivl_270", 0 0, L_0x556a839f3410;  1 drivers
L_0x7efca7996e30 .functor BUFT 1, C4<0000000000000000>, C4<0>, C4<0>, C4<0>;
v0x556a839addd0_0 .net/2u *"_ivl_272", 15 0, L_0x7efca7996e30;  1 drivers
v0x556a839adeb0_0 .net *"_ivl_274", 15 0, L_0x556a839f3500;  1 drivers
v0x556a839adf90_0 .net *"_ivl_276", 15 0, L_0x556a839f3920;  1 drivers
v0x556a839ae070_0 .net *"_ivl_278", 15 0, L_0x556a839f3ab0;  1 drivers
L_0x7efca79964a0 .functor BUFT 1, C4<0>, C4<0>, C4<0>, C4<0>;
v0x556a839ae150_0 .net/2u *"_ivl_28", 0 0, L_0x7efca79964a0;  1 drivers
v0x556a839ae230_0 .net *"_ivl_280", 15 0, L_0x556a839f3f30;  1 drivers
v0x556a839ae310_0 .net *"_ivl_282", 15 0, L_0x556a839f40c0;  1 drivers
v0x556a839ae3f0_0 .net *"_ivl_284", 15 0, L_0x556a839f4500;  1 drivers
L_0x7efca7996e78 .functor BUFT 1, C4<000>, C4<0>, C4<0>, C4<0>;
v0x556a839ae4d0_0 .net/2u *"_ivl_288", 2 0, L_0x7efca7996e78;  1 drivers
v0x556a839ae5b0_0 .net *"_ivl_290", 0 0, L_0x556a839f4b30;  1 drivers
L_0x7efca7996ec0 .functor BUFT 1, C4<0000>, C4<0>, C4<0>, C4<0>;
v0x556a839ae670_0 .net/2u *"_ivl_292", 3 0, L_0x7efca7996ec0;  1 drivers
v0x556a839ae750_0 .net *"_ivl_294", 0 0, L_0x556a839f4c20;  1 drivers
L_0x7efca7996f08 .functor BUFT 1, C4<0>, C4<0>, C4<0>, C4<0>;
v0x556a839ae810_0 .net/2u *"_ivl_296", 0 0, L_0x7efca7996f08;  1 drivers
L_0x7efca7996f50 .functor BUFT 1, C4<0001>, C4<0>, C4<0>, C4<0>;
v0x556a839ae8f0_0 .net/2u *"_ivl_298", 3 0, L_0x7efca7996f50;  1 drivers
v0x556a839ae9d0_0 .net *"_ivl_30", 16 0, L_0x556a839e9c40;  1 drivers
v0x556a839aeab0_0 .net *"_ivl_300", 0 0, L_0x556a839f5030;  1 drivers
v0x556a839aeb70_0 .net *"_ivl_303", 0 0, L_0x556a839f5120;  1 drivers
L_0x7efca7996f98 .functor BUFT 1, C4<0010>, C4<0>, C4<0>, C4<0>;
v0x556a839aec50_0 .net/2u *"_ivl_304", 3 0, L_0x7efca7996f98;  1 drivers
v0x556a839aed30_0 .net *"_ivl_306", 0 0, L_0x556a839f5540;  1 drivers
v0x556a839aedf0_0 .net *"_ivl_309", 0 0, L_0x556a839f5630;  1 drivers
L_0x7efca7996fe0 .functor BUFT 1, C4<0011>, C4<0>, C4<0>, C4<0>;
v0x556a839aeed0_0 .net/2u *"_ivl_310", 3 0, L_0x7efca7996fe0;  1 drivers
v0x556a839aefb0_0 .net *"_ivl_312", 0 0, L_0x556a839f5a60;  1 drivers
L_0x7efca7997028 .functor BUFT 1, C4<0>, C4<0>, C4<0>, C4<0>;
v0x556a839af070_0 .net/2u *"_ivl_314", 0 0, L_0x7efca7997028;  1 drivers
L_0x7efca7997070 .functor BUFT 1, C4<0100>, C4<0>, C4<0>, C4<0>;
v0x556a839af150_0 .net/2u *"_ivl_316", 3 0, L_0x7efca7997070;  1 drivers
v0x556a839af230_0 .net *"_ivl_318", 0 0, L_0x556a839f5b50;  1 drivers
L_0x7efca79964e8 .functor BUFT 1, C4<0>, C4<0>, C4<0>, C4<0>;
v0x556a839af2f0_0 .net/2u *"_ivl_32", 0 0, L_0x7efca79964e8;  1 drivers
v0x556a839af3d0_0 .net *"_ivl_321", 0 0, L_0x556a839f5f90;  1 drivers
L_0x7efca79970b8 .functor BUFT 1, C4<0101>, C4<0>, C4<0>, C4<0>;
v0x556a839af4b0_0 .net/2u *"_ivl_322", 3 0, L_0x7efca79970b8;  1 drivers
v0x556a839af590_0 .net *"_ivl_324", 0 0, L_0x556a839f6080;  1 drivers
L_0x7efca7997100 .functor BUFT 1, C4<0>, C4<0>, C4<0>, C4<0>;
v0x556a839af650_0 .net/2u *"_ivl_326", 0 0, L_0x7efca7997100;  1 drivers
L_0x7efca7997148 .functor BUFT 1, C4<0110>, C4<0>, C4<0>, C4<0>;
v0x556a839af730_0 .net/2u *"_ivl_328", 3 0, L_0x7efca7997148;  1 drivers
v0x556a839af810_0 .net *"_ivl_330", 0 0, L_0x556a839f64d0;  1 drivers
v0x556a839af8d0_0 .net *"_ivl_333", 0 0, L_0x556a839f65c0;  1 drivers
L_0x7efca7997190 .functor BUFT 1, C4<0111>, C4<0>, C4<0>, C4<0>;
v0x556a839b01c0_0 .net/2u *"_ivl_334", 3 0, L_0x7efca7997190;  1 drivers
v0x556a839b02a0_0 .net *"_ivl_336", 0 0, L_0x556a839f6a20;  1 drivers
L_0x7efca79971d8 .functor BUFT 1, C4<0>, C4<0>, C4<0>, C4<0>;
v0x556a839b0360_0 .net/2u *"_ivl_338", 0 0, L_0x7efca79971d8;  1 drivers
v0x556a839b0440_0 .net *"_ivl_34", 16 0, L_0x556a839e9d90;  1 drivers
L_0x7efca7997220 .functor BUFT 1, C4<1000>, C4<0>, C4<0>, C4<0>;
v0x556a839b0520_0 .net/2u *"_ivl_340", 3 0, L_0x7efca7997220;  1 drivers
v0x556a839b0600_0 .net *"_ivl_342", 0 0, L_0x556a839f6b10;  1 drivers
L_0x7efca7997268 .functor BUFT 1, C4<0>, C4<0>, C4<0>, C4<0>;
v0x556a839b06c0_0 .net/2u *"_ivl_344", 0 0, L_0x7efca7997268;  1 drivers
L_0x7efca79972b0 .functor BUFT 1, C4<1001>, C4<0>, C4<0>, C4<0>;
v0x556a839b07a0_0 .net/2u *"_ivl_346", 3 0, L_0x7efca79972b0;  1 drivers
v0x556a839b0880_0 .net *"_ivl_348", 0 0, L_0x556a839f6f80;  1 drivers
v0x556a839b0940_0 .net *"_ivl_351", 0 0, L_0x556a839f7070;  1 drivers
L_0x7efca79972f8 .functor BUFT 1, C4<1010>, C4<0>, C4<0>, C4<0>;
v0x556a839b0a20_0 .net/2u *"_ivl_352", 3 0, L_0x7efca79972f8;  1 drivers
v0x556a839b0b00_0 .net *"_ivl_354", 0 0, L_0x556a839f74a0;  1 drivers
v0x556a839b0bc0_0 .net *"_ivl_357", 0 0, L_0x556a839f7590;  1 drivers
L_0x7efca7997340 .functor BUFT 1, C4<1011>, C4<0>, C4<0>, C4<0>;
v0x556a839b0ca0_0 .net/2u *"_ivl_358", 3 0, L_0x7efca7997340;  1 drivers
v0x556a839b0d80_0 .net *"_ivl_360", 0 0, L_0x556a839f79d0;  1 drivers
v0x556a839b0e40_0 .net *"_ivl_363", 0 0, L_0x556a839f7ac0;  1 drivers
L_0x7efca7997388 .functor BUFT 1, C4<1100>, C4<0>, C4<0>, C4<0>;
v0x556a839b0f20_0 .net/2u *"_ivl_364", 3 0, L_0x7efca7997388;  1 drivers
v0x556a839b1000_0 .net *"_ivl_366", 0 0, L_0x556a839f7f10;  1 drivers
v0x556a839b10c0_0 .net *"_ivl_369", 0 0, L_0x556a839f8000;  1 drivers
L_0x7efca79973d0 .functor BUFT 1, C4<1101>, C4<0>, C4<0>, C4<0>;
v0x556a839b11a0_0 .net/2u *"_ivl_370", 3 0, L_0x7efca79973d0;  1 drivers
v0x556a839b1280_0 .net *"_ivl_372", 0 0, L_0x556a839f8870;  1 drivers
v0x556a839b1340_0 .net *"_ivl_375", 0 0, L_0x556a839f8d70;  1 drivers
L_0x7efca7997418 .functor BUFT 1, C4<1110>, C4<0>, C4<0>, C4<0>;
v0x556a839b1420_0 .net/2u *"_ivl_376", 3 0, L_0x7efca7997418;  1 drivers
v0x556a839b1500_0 .net *"_ivl_378", 0 0, L_0x556a839f99f0;  1 drivers
L_0x7efca7996530 .functor BUFT 1, C4<0>, C4<0>, C4<0>, C4<0>;
v0x556a839b15c0_0 .net/2u *"_ivl_38", 0 0, L_0x7efca7996530;  1 drivers
v0x556a839b16a0_0 .net *"_ivl_381", 0 0, L_0x556a839f9ae0;  1 drivers
L_0x7efca7997460 .functor BUFT 1, C4<1111>, C4<0>, C4<0>, C4<0>;
v0x556a839b1780_0 .net/2u *"_ivl_382", 3 0, L_0x7efca7997460;  1 drivers
v0x556a839b1860_0 .net *"_ivl_384", 0 0, L_0x556a839f9f60;  1 drivers
v0x556a839b1920_0 .net *"_ivl_387", 0 0, L_0x556a839fa050;  1 drivers
L_0x7efca79974a8 .functor BUFT 1, C4<0>, C4<0>, C4<0>, C4<0>;
v0x556a839b1a00_0 .net/2u *"_ivl_388", 0 0, L_0x7efca79974a8;  1 drivers
v0x556a839b1ae0_0 .net *"_ivl_390", 0 0, L_0x556a839fa4e0;  1 drivers
v0x556a839b1bc0_0 .net *"_ivl_392", 0 0, L_0x556a839fa670;  1 drivers
v0x556a839b1ca0_0 .net *"_ivl_394", 0 0, L_0x556a839fac00;  1 drivers
v0x556a839b1d80_0 .net *"_ivl_396", 0 0, L_0x556a839fad90;  1 drivers
v0x556a839b1e60_0 .net *"_ivl_398", 0 0, L_0x556a839fb330;  1 drivers
L_0x7efca7996380 .functor BUFT 1, C4<0>, C4<0>, C4<0>, C4<0>;
v0x556a839b1f40_0 .net/2u *"_ivl_4", 0 0, L_0x7efca7996380;  1 drivers
v0x556a839b2020_0 .net *"_ivl_40", 16 0, L_0x556a839e9fe0;  1 drivers
v0x556a839b2100_0 .net *"_ivl_400", 0 0, L_0x556a839fb4c0;  1 drivers
v0x556a839b21e0_0 .net *"_ivl_402", 0 0, L_0x556a839fba70;  1 drivers
v0x556a839b22c0_0 .net *"_ivl_404", 0 0, L_0x556a839fbc00;  1 drivers
v0x556a839b23a0_0 .net *"_ivl_406", 0 0, L_0x556a839fb650;  1 drivers
v0x556a839b2480_0 .net *"_ivl_408", 0 0, L_0x556a839fb7e0;  1 drivers
v0x556a839b2560_0 .net *"_ivl_410", 0 0, L_0x556a839fc0e0;  1 drivers
v0x556a839b2640_0 .net *"_ivl_412", 0 0, L_0x556a839fc270;  1 drivers
v0x556a839b2720_0 .net *"_ivl_414", 0 0, L_0x556a839fbd90;  1 drivers
v0x556a839b2800_0 .net *"_ivl_416", 0 0, L_0x556a839fbf20;  1 drivers
v0x556a839b28e0_0 .net *"_ivl_418", 0 0, L_0x556a839fc770;  1 drivers
L_0x7efca7996578 .functor BUFT 1, C4<0>, C4<0>, C4<0>, C4<0>;
v0x556a839b29c0_0 .net/2u *"_ivl_42", 0 0, L_0x7efca7996578;  1 drivers
v0x556a839b2aa0_0 .net *"_ivl_420", 0 0, L_0x556a839fc900;  1 drivers
L_0x7efca79974f0 .functor BUFT 1, C4<001>, C4<0>, C4<0>, C4<0>;
v0x556a839b2b80_0 .net/2u *"_ivl_422", 2 0, L_0x7efca79974f0;  1 drivers
v0x556a839b2c60_0 .net *"_ivl_424", 0 0, L_0x556a839fc400;  1 drivers
v0x556a839b2d20_0 .net *"_ivl_427", 0 0, L_0x556a839fc4f0;  1 drivers
L_0x7efca7997538 .functor BUFT 1, C4<011>, C4<0>, C4<0>, C4<0>;
v0x556a839b2e00_0 .net/2u *"_ivl_428", 2 0, L_0x7efca7997538;  1 drivers
v0x556a839b2ee0_0 .net *"_ivl_430", 0 0, L_0x556a839fc590;  1 drivers
L_0x7efca7997580 .functor BUFT 1, C4<0>, C4<0>, C4<0>, C4<0>;
v0x556a839b2fa0_0 .net/2u *"_ivl_432", 0 0, L_0x7efca7997580;  1 drivers
L_0x7efca79975c8 .functor BUFT 1, C4<100>, C4<0>, C4<0>, C4<0>;
v0x556a839b3080_0 .net/2u *"_ivl_434", 2 0, L_0x7efca79975c8;  1 drivers
v0x556a839b3160_0 .net *"_ivl_436", 0 0, L_0x556a839fc680;  1 drivers
L_0x7efca7997610 .functor BUFT 1, C4<0>, C4<0>, C4<0>, C4<0>;
v0x556a839b3220_0 .net/2u *"_ivl_438", 0 0, L_0x7efca7997610;  1 drivers
v0x556a839b3300_0 .net *"_ivl_44", 16 0, L_0x556a839ea0d0;  1 drivers
L_0x7efca7997658 .functor BUFT 1, C4<101>, C4<0>, C4<0>, C4<0>;
v0x556a839b33e0_0 .net/2u *"_ivl_440", 2 0, L_0x7efca7997658;  1 drivers
v0x556a839b34c0_0 .net *"_ivl_442", 0 0, L_0x556a839fce30;  1 drivers
L_0x7efca79976a0 .functor BUFT 1, C4<0>, C4<0>, C4<0>, C4<0>;
v0x556a839b3580_0 .net/2u *"_ivl_444", 0 0, L_0x7efca79976a0;  1 drivers
L_0x7efca79976e8 .functor BUFT 1, C4<110>, C4<0>, C4<0>, C4<0>;
v0x556a839b3660_0 .net/2u *"_ivl_446", 2 0, L_0x7efca79976e8;  1 drivers
v0x556a839b3740_0 .net *"_ivl_448", 0 0, L_0x556a839fcf20;  1 drivers
L_0x7efca7997730 .functor BUFT 1, C4<0>, C4<0>, C4<0>, C4<0>;
v0x556a839b3800_0 .net/2u *"_ivl_450", 0 0, L_0x7efca7997730;  1 drivers
L_0x7efca7997778 .functor BUFT 1, C4<111>, C4<0>, C4<0>, C4<0>;
v0x556a839b38e0_0 .net/2u *"_ivl_452", 2 0, L_0x7efca7997778;  1 drivers
v0x556a839b39c0_0 .net *"_ivl_454", 0 0, L_0x556a839fc9a0;  1 drivers
L_0x7efca79977c0 .functor BUFT 1, C4<0>, C4<0>, C4<0>, C4<0>;
v0x556a839b3a80_0 .net/2u *"_ivl_456", 0 0, L_0x7efca79977c0;  1 drivers
L_0x7efca7997808 .functor BUFT 1, C4<0>, C4<0>, C4<0>, C4<0>;
v0x556a839b3b60_0 .net/2u *"_ivl_458", 0 0, L_0x7efca7997808;  1 drivers
v0x556a839b3c40_0 .net *"_ivl_46", 16 0, L_0x556a839ea240;  1 drivers
v0x556a839b3d20_0 .net *"_ivl_460", 0 0, L_0x556a839fca90;  1 drivers
v0x556a839b3e00_0 .net *"_ivl_462", 0 0, L_0x556a839fcc20;  1 drivers
v0x556a839b3ee0_0 .net *"_ivl_464", 0 0, L_0x556a839fd4c0;  1 drivers
v0x556a839b3fc0_0 .net *"_ivl_466", 0 0, L_0x556a839fd0b0;  1 drivers
v0x556a839b40a0_0 .net *"_ivl_468", 0 0, L_0x556a839fd240;  1 drivers
v0x556a839b4180_0 .net *"_ivl_470", 0 0, L_0x556a839fd3d0;  1 drivers
v0x556a839b4260_0 .net *"_ivl_474", 31 0, L_0x556a839fd650;  1 drivers
L_0x7efca7997850 .functor BUFT 1, C4<0000000000000000>, C4<0>, C4<0>, C4<0>;
v0x556a839b4340_0 .net *"_ivl_477", 15 0, L_0x7efca7997850;  1 drivers
L_0x7efca7997898 .functor BUFT 1, C4<00000000000000000000000000000000>, C4<0>, C4<0>, C4<0>;
v0x556a839b4420_0 .net/2u *"_ivl_478", 31 0, L_0x7efca7997898;  1 drivers
v0x556a839b4500_0 .net *"_ivl_485", 0 0, L_0x556a839fd920;  1 drivers
v0x556a839b45e0_0 .net *"_ivl_487", 0 0, L_0x556a839fe070;  1 drivers
v0x556a839b46c0_0 .net *"_ivl_488", 0 0, L_0x556a839f23c0;  1 drivers
v0x556a839b4780_0 .net *"_ivl_49", 0 0, L_0x556a839ea380;  1 drivers
v0x556a839b4860_0 .net *"_ivl_491", 0 0, L_0x556a839fe160;  1 drivers
v0x556a839b4940_0 .net *"_ivl_493", 0 0, L_0x556a839fdb70;  1 drivers
v0x556a839b4a20_0 .net *"_ivl_494", 0 0, L_0x556a839fdc10;  1 drivers
v0x556a839b4ae0_0 .net *"_ivl_50", 16 0, L_0x556a839ea4b0;  1 drivers
L_0x7efca79965c0 .functor BUFT 1, C4<0000000000000000>, C4<0>, C4<0>, C4<0>;
v0x556a839b4bc0_0 .net *"_ivl_53", 15 0, L_0x7efca79965c0;  1 drivers
v0x556a839b4ca0_0 .net *"_ivl_54", 16 0, L_0x556a839e9f70;  1 drivers
L_0x7efca7996608 .functor BUFT 1, C4<000>, C4<0>, C4<0>, C4<0>;
v0x556a839b4d80_0 .net/2u *"_ivl_58", 2 0, L_0x7efca7996608;  1 drivers
v0x556a839b4e60_0 .net *"_ivl_6", 16 0, L_0x556a839e9250;  1 drivers
v0x556a839b4f40_0 .net *"_ivl_60", 0 0, L_0x556a839ea820;  1 drivers
L_0x7efca7996650 .functor BUFT 1, C4<0000>, C4<0>, C4<0>, C4<0>;
v0x556a839b5000_0 .net/2u *"_ivl_62", 3 0, L_0x7efca7996650;  1 drivers
v0x556a839b50e0_0 .net *"_ivl_64", 0 0, L_0x556a839ea910;  1 drivers
v0x556a839b51a0_0 .net *"_ivl_66", 15 0, L_0x556a839e93e0;  1 drivers
v0x556a839b5280_0 .net *"_ivl_68", 15 0, L_0x556a839eaab0;  1 drivers
L_0x7efca7996698 .functor BUFT 1, C4<0001>, C4<0>, C4<0>, C4<0>;
v0x556a839b5360_0 .net/2u *"_ivl_70", 3 0, L_0x7efca7996698;  1 drivers
v0x556a839b5440_0 .net *"_ivl_72", 0 0, L_0x556a839ea780;  1 drivers
v0x556a839b5500_0 .net *"_ivl_74", 15 0, L_0x556a839eab70;  1 drivers
L_0x7efca79966e0 .functor BUFT 1, C4<0010>, C4<0>, C4<0>, C4<0>;
v0x556a839b55e0_0 .net/2u *"_ivl_76", 3 0, L_0x7efca79966e0;  1 drivers
v0x556a839b56c0_0 .net *"_ivl_78", 0 0, L_0x556a839ead40;  1 drivers
v0x556a839b5780_0 .net *"_ivl_80", 15 0, L_0x556a839eae30;  1 drivers
v0x556a839b5860_0 .net *"_ivl_83", 0 0, L_0x556a839eafa0;  1 drivers
v0x556a839b5940_0 .net *"_ivl_84", 15 0, L_0x556a839eb040;  1 drivers
L_0x7efca7996728 .functor BUFT 1, C4<000000000000000>, C4<0>, C4<0>, C4<0>;
v0x556a839b5a20_0 .net *"_ivl_87", 14 0, L_0x7efca7996728;  1 drivers
v0x556a839b5b00_0 .net *"_ivl_88", 15 0, L_0x556a839eb260;  1 drivers
L_0x7efca7996770 .functor BUFT 1, C4<0011>, C4<0>, C4<0>, C4<0>;
v0x556a839b5be0_0 .net/2u *"_ivl_90", 3 0, L_0x7efca7996770;  1 drivers
v0x556a839b5cc0_0 .net *"_ivl_92", 0 0, L_0x556a839eb3a0;  1 drivers
v0x556a839b5d80_0 .net *"_ivl_94", 15 0, L_0x556a839eac10;  1 drivers
L_0x7efca79967b8 .functor BUFT 1, C4<0100>, C4<0>, C4<0>, C4<0>;
v0x556a839b5e60_0 .net/2u *"_ivl_96", 3 0, L_0x7efca79967b8;  1 drivers
v0x556a839b5f40_0 .net *"_ivl_98", 0 0, L_0x556a839eb580;  1 drivers
v0x556a839b6000_0 .net "alu_op", 3 0, L_0x556a839c64f0;  alias, 1 drivers
v0x556a839b60e0_0 .net "c", 0 0, L_0x556a839fdad0;  1 drivers
v0x556a839b61a0_0 .net "carry_diff", 16 0, L_0x556a839ea640;  1 drivers
v0x556a839b6280_0 .net "carry_sum", 16 0, L_0x556a839e9b00;  1 drivers
v0x556a839b6360_0 .net "clk", 0 0, L_0x556a8398cda0;  alias, 1 drivers
v0x556a839b6420_0 .net "diff", 16 0, L_0x556a839e9e30;  1 drivers
v0x556a839b6500_0 .var "flags", 3 0;
v0x556a839b65e0_0 .net "o", 0 0, L_0x556a839fdd80;  1 drivers
v0x556a839b66a0_0 .net "op", 2 0, L_0x556a839c6220;  alias, 1 drivers
v0x556a839b6780_0 .net "result", 15 0, L_0x556a839f4690;  alias, 1 drivers
v0x556a839b6860_0 .net "s", 0 0, L_0x556a839fd880;  1 drivers
v0x556a839b6920_0 .net "s_1", 15 0, L_0x556a839e8aa0;  alias, 1 drivers
v0x556a839b6a00_0 .net "s_2", 15 0, L_0x556a839e8c30;  alias, 1 drivers
v0x556a839b6ae0_0 .net "sum", 16 0, L_0x556a839e9340;  1 drivers
v0x556a839b6bc0_0 .net "z", 0 0, L_0x556a839fd740;  1 drivers
E_0x556a83902f70 .event posedge, v0x556a839b6360_0;
L_0x556a839e9160 .concat [ 16 1 0 0], L_0x556a839e8aa0, L_0x7efca7996338;
L_0x556a839e9250 .concat [ 16 1 0 0], L_0x556a839e8c30, L_0x7efca7996380;
L_0x556a839e9340 .arith/sum 17, L_0x556a839e9160, L_0x556a839e9250;
L_0x556a839e94f0 .concat [ 16 1 0 0], L_0x556a839e8aa0, L_0x7efca79963c8;
L_0x556a839e9620 .concat [ 16 1 0 0], L_0x556a839e8c30, L_0x7efca7996410;
L_0x556a839e9750 .arith/sum 17, L_0x556a839e94f0, L_0x556a839e9620;
L_0x556a839e98d0 .part v0x556a839b6500_0, 0, 1;
L_0x556a839e9970 .concat [ 1 16 0 0], L_0x556a839e98d0, L_0x7efca7996458;
L_0x556a839e9b00 .arith/sum 17, L_0x556a839e9750, L_0x556a839e9970;
L_0x556a839e9c40 .concat [ 16 1 0 0], L_0x556a839e8aa0, L_0x7efca79964a0;
L_0x556a839e9d90 .concat [ 16 1 0 0], L_0x556a839e8c30, L_0x7efca79964e8;
L_0x556a839e9e30 .arith/sub 17, L_0x556a839e9c40, L_0x556a839e9d90;
L_0x556a839e9fe0 .concat [ 16 1 0 0], L_0x556a839e8aa0, L_0x7efca7996530;
L_0x556a839ea0d0 .concat [ 16 1 0 0], L_0x556a839e8c30, L_0x7efca7996578;
L_0x556a839ea240 .arith/sub 17, L_0x556a839e9fe0, L_0x556a839ea0d0;
L_0x556a839ea380 .part v0x556a839b6500_0, 0, 1;
L_0x556a839ea4b0 .concat [ 1 16 0 0], L_0x556a839ea380, L_0x7efca79965c0;
L_0x556a839ea640 .arith/sub 17, L_0x556a839ea240, L_0x556a839e9f70;
L_0x556a839ea820 .cmp/eq 3, L_0x556a839c6220, L_0x7efca7996608;
L_0x556a839ea910 .cmp/eq 4, L_0x556a839c64f0, L_0x7efca7996650;
L_0x556a839ea780 .cmp/eq 4, L_0x556a839c64f0, L_0x7efca7996698;
L_0x556a839eab70 .arith/sum 16, L_0x556a839e8aa0, L_0x556a839e8c30;
L_0x556a839ead40 .cmp/eq 4, L_0x556a839c64f0, L_0x7efca79966e0;
L_0x556a839eae30 .arith/sum 16, L_0x556a839e8aa0, L_0x556a839e8c30;
L_0x556a839eafa0 .part v0x556a839b6500_0, 0, 1;
L_0x556a839eb040 .concat [ 1 15 0 0], L_0x556a839eafa0, L_0x7efca7996728;
L_0x556a839eb260 .arith/sum 16, L_0x556a839eae30, L_0x556a839eb040;
L_0x556a839eb3a0 .cmp/eq 4, L_0x556a839c64f0, L_0x7efca7996770;
L_0x556a839eb580 .cmp/eq 4, L_0x556a839c64f0, L_0x7efca79967b8;
L_0x556a839eb670 .arith/sub 16, L_0x556a839e8aa0, L_0x556a839e8c30;
L_0x556a839eb880 .part v0x556a839b6500_0, 0, 1;
L_0x556a839ebd30 .concat [ 1 15 0 0], L_0x556a839eb880, L_0x7efca7996800;
L_0x556a839ebfd0 .arith/sub 16, L_0x556a839eb670, L_0x556a839eb710;
L_0x556a839ec180 .cmp/eq 4, L_0x556a839c64f0, L_0x7efca7996848;
L_0x556a839ec390 .cmp/eq 4, L_0x556a839c64f0, L_0x7efca7996890;
L_0x556a839ec480 .arith/sub 16, L_0x556a839e8aa0, L_0x556a839e8c30;
L_0x556a839ec270 .cmp/eq 4, L_0x556a839c64f0, L_0x7efca79968d8;
L_0x556a839ec6c0 .cmp/eq 4, L_0x556a839c64f0, L_0x7efca7996920;
L_0x556a839ec9b0 .cmp/eq 4, L_0x556a839c64f0, L_0x7efca7996968;
L_0x556a839ecaa0 .part L_0x556a839e8c30, 0, 15;
L_0x556a839ecc90 .concat [ 1 15 0 0], L_0x7efca79969b0, L_0x556a839ecaa0;
L_0x556a839ecdd0 .cmp/eq 4, L_0x556a839c64f0, L_0x7efca79969f8;
L_0x556a839ed020 .part L_0x556a839e8c30, 1, 15;
L_0x556a839ed0c0 .concat [ 15 1 0 0], L_0x556a839ed020, L_0x7efca7996a40;
L_0x556a839ed370 .cmp/eq 4, L_0x556a839c64f0, L_0x7efca7996a88;
L_0x556a839ed460 .part L_0x556a839e8c30, 0, 15;
L_0x556a839ed680 .part L_0x556a839e8c30, 15, 1;
L_0x556a839ed720 .concat [ 1 15 0 0], L_0x556a839ed680, L_0x556a839ed460;
L_0x556a839ed9f0 .cmp/eq 4, L_0x556a839c64f0, L_0x7efca7996ad0;
L_0x556a839edae0 .part L_0x556a839e8c30, 0, 1;
L_0x556a839edd20 .part L_0x556a839e8c30, 1, 15;
L_0x556a839eddc0 .concat [ 15 1 0 0], L_0x556a839edd20, L_0x556a839edae0;
L_0x556a839ee0b0 .cmp/eq 4, L_0x556a839c64f0, L_0x7efca7996b18;
L_0x556a839ee1a0 .part L_0x556a839e8c30, 15, 1;
L_0x556a839ee400 .part L_0x556a839e8c30, 1, 15;
L_0x556a839ee4a0 .concat [ 15 1 0 0], L_0x556a839ee400, L_0x556a839ee1a0;
L_0x556a839ee7b0 .cmp/eq 4, L_0x556a839c64f0, L_0x7efca7996b60;
L_0x556a839ee8a0 .part v0x556a839b6500_0, 0, 1;
L_0x556a839eeb20 .part L_0x556a839e8c30, 1, 15;
L_0x556a839eebc0 .concat [ 15 1 0 0], L_0x556a839eeb20, L_0x556a839ee8a0;
L_0x556a839eeef0 .cmp/eq 4, L_0x556a839c64f0, L_0x7efca7996ba8;
L_0x556a839eefe0 .part L_0x556a839e8c30, 0, 15;
L_0x556a839ef280 .part v0x556a839b6500_0, 0, 1;
L_0x556a839ef320 .concat [ 1 15 0 0], L_0x556a839ef280, L_0x556a839eefe0;
L_0x556a839ef670 .functor MUXZ 16, L_0x7efca7996bf0, L_0x556a839ef320, L_0x556a839eeef0, C4<>;
L_0x556a839ef800 .functor MUXZ 16, L_0x556a839ef670, L_0x556a839eebc0, L_0x556a839ee7b0, C4<>;
L_0x556a839efbb0 .functor MUXZ 16, L_0x556a839ef800, L_0x556a839ee4a0, L_0x556a839ee0b0, C4<>;
L_0x556a839efd40 .functor MUXZ 16, L_0x556a839efbb0, L_0x556a839eddc0, L_0x556a839ed9f0, C4<>;
L_0x556a839f0100 .functor MUXZ 16, L_0x556a839efd40, L_0x556a839ed720, L_0x556a839ed370, C4<>;
L_0x556a839f0290 .functor MUXZ 16, L_0x556a839f0100, L_0x556a839ed0c0, L_0x556a839ecdd0, C4<>;
L_0x556a839f0660 .functor MUXZ 16, L_0x556a839f0290, L_0x556a839ecc90, L_0x556a839ec9b0, C4<>;
L_0x556a839f07f0 .functor MUXZ 16, L_0x556a839f0660, L_0x556a839ec8f0, L_0x556a839ec6c0, C4<>;
L_0x556a839f0bd0 .functor MUXZ 16, L_0x556a839f07f0, L_0x556a839ec520, L_0x556a839ec270, C4<>;
L_0x556a839f0d60 .functor MUXZ 16, L_0x556a839f0bd0, L_0x556a839ec480, L_0x556a839ec390, C4<>;
L_0x556a839f1150 .functor MUXZ 16, L_0x556a839f0d60, L_0x556a839ec070, L_0x556a839ec180, C4<>;
L_0x556a839f12e0 .functor MUXZ 16, L_0x556a839f1150, L_0x556a839ebfd0, L_0x556a839eb580, C4<>;
L_0x556a839f16e0 .functor MUXZ 16, L_0x556a839f12e0, L_0x556a839eac10, L_0x556a839eb3a0, C4<>;
L_0x556a839f1870 .functor MUXZ 16, L_0x556a839f16e0, L_0x556a839eb260, L_0x556a839ead40, C4<>;
L_0x556a839f1c80 .functor MUXZ 16, L_0x556a839f1870, L_0x556a839eab70, L_0x556a839ea780, C4<>;
L_0x556a839f1e10 .functor MUXZ 16, L_0x556a839f1c80, L_0x556a839eaab0, L_0x556a839ea910, C4<>;
L_0x556a839f2230 .cmp/eq 3, L_0x556a839c6220, L_0x7efca7996c38;
L_0x556a839f2320 .arith/sum 16, L_0x556a839e8aa0, L_0x556a839e8c30;
L_0x556a839f26d0 .cmp/eq 3, L_0x556a839c6220, L_0x7efca7996c80;
L_0x556a839f27c0 .cmp/eq 3, L_0x556a839c6220, L_0x7efca7996cc8;
L_0x556a839f2b60 .arith/sum 16, L_0x556a839e8aa0, L_0x556a839e8c30;
L_0x556a839f2c00 .cmp/eq 3, L_0x556a839c6220, L_0x7efca7996d10;
L_0x556a839f2fb0 .arith/sum 16, L_0x556a839e8aa0, L_0x556a839e8c30;
L_0x556a839f3050 .cmp/eq 3, L_0x556a839c6220, L_0x7efca7996d58;
L_0x556a839f3410 .cmp/eq 3, L_0x556a839c6220, L_0x7efca7996de8;
L_0x556a839f3500 .functor MUXZ 16, L_0x7efca7996e30, L_0x556a839e8aa0, L_0x556a839f3410, C4<>;
L_0x556a839f3920 .functor MUXZ 16, L_0x556a839f3500, L_0x7efca7996da0, L_0x556a839f3050, C4<>;
L_0x556a839f3ab0 .functor MUXZ 16, L_0x556a839f3920, L_0x556a839f2fb0, L_0x556a839f2c00, C4<>;
L_0x556a839f3f30 .functor MUXZ 16, L_0x556a839f3ab0, L_0x556a839f2b60, L_0x556a839f27c0, C4<>;
L_0x556a839f40c0 .functor MUXZ 16, L_0x556a839f3f30, L_0x556a839e8aa0, L_0x556a839f26d0, C4<>;
L_0x556a839f4500 .functor MUXZ 16, L_0x556a839f40c0, L_0x556a839f2320, L_0x556a839f2230, C4<>;
L_0x556a839f4690 .functor MUXZ 16, L_0x556a839f4500, L_0x556a839f1e10, L_0x556a839ea820, C4<>;
L_0x556a839f4b30 .cmp/eq 3, L_0x556a839c6220, L_0x7efca7996e78;
L_0x556a839f4c20 .cmp/eq 4, L_0x556a839c64f0, L_0x7efca7996ec0;
L_0x556a839f5030 .cmp/eq 4, L_0x556a839c64f0, L_0x7efca7996f50;
L_0x556a839f5120 .part L_0x556a839e9340, 16, 1;
L_0x556a839f5540 .cmp/eq 4, L_0x556a839c64f0, L_0x7efca7996f98;
L_0x556a839f5630 .part L_0x556a839e9b00, 16, 1;
L_0x556a839f5a60 .cmp/eq 4, L_0x556a839c64f0, L_0x7efca7996fe0;
L_0x556a839f5b50 .cmp/eq 4, L_0x556a839c64f0, L_0x7efca7997070;
L_0x556a839f5f90 .part L_0x556a839ea640, 16, 1;
L_0x556a839f6080 .cmp/eq 4, L_0x556a839c64f0, L_0x7efca79970b8;
L_0x556a839f64d0 .cmp/eq 4, L_0x556a839c64f0, L_0x7efca7997148;
L_0x556a839f65c0 .part L_0x556a839e9e30, 16, 1;
L_0x556a839f6a20 .cmp/eq 4, L_0x556a839c64f0, L_0x7efca7997190;
L_0x556a839f6b10 .cmp/eq 4, L_0x556a839c64f0, L_0x7efca7997220;
L_0x556a839f6f80 .cmp/eq 4, L_0x556a839c64f0, L_0x7efca79972b0;
L_0x556a839f7070 .part L_0x556a839e8c30, 15, 1;
L_0x556a839f74a0 .cmp/eq 4, L_0x556a839c64f0, L_0x7efca79972f8;
L_0x556a839f7590 .part L_0x556a839e8c30, 0, 1;
L_0x556a839f79d0 .cmp/eq 4, L_0x556a839c64f0, L_0x7efca7997340;
L_0x556a839f7ac0 .part L_0x556a839e8c30, 15, 1;
L_0x556a839f7f10 .cmp/eq 4, L_0x556a839c64f0, L_0x7efca7997388;
L_0x556a839f8000 .part L_0x556a839e8c30, 0, 1;
L_0x556a839f8870 .cmp/eq 4, L_0x556a839c64f0, L_0x7efca79973d0;
L_0x556a839f8d70 .part L_0x556a839e8c30, 0, 1;
L_0x556a839f99f0 .cmp/eq 4, L_0x556a839c64f0, L_0x7efca7997418;
L_0x556a839f9ae0 .part L_0x556a839e8c30, 0, 1;
L_0x556a839f9f60 .cmp/eq 4, L_0x556a839c64f0, L_0x7efca7997460;
L_0x556a839fa050 .part L_0x556a839e8c30, 15, 1;
L_0x556a839fa4e0 .functor MUXZ 1, L_0x7efca79974a8, L_0x556a839fa050, L_0x556a839f9f60, C4<>;
L_0x556a839fa670 .functor MUXZ 1, L_0x556a839fa4e0, L_0x556a839f9ae0, L_0x556a839f99f0, C4<>;
L_0x556a839fac00 .functor MUXZ 1, L_0x556a839fa670, L_0x556a839f8d70, L_0x556a839f8870, C4<>;
L_0x556a839fad90 .functor MUXZ 1, L_0x556a839fac00, L_0x556a839f8000, L_0x556a839f7f10, C4<>;
L_0x556a839fb330 .functor MUXZ 1, L_0x556a839fad90, L_0x556a839f7ac0, L_0x556a839f79d0, C4<>;
L_0x556a839fb4c0 .functor MUXZ 1, L_0x556a839fb330, L_0x556a839f7590, L_0x556a839f74a0, C4<>;
L_0x556a839fba70 .functor MUXZ 1, L_0x556a839fb4c0, L_0x556a839f7070, L_0x556a839f6f80, C4<>;
L_0x556a839fbc00 .functor MUXZ 1, L_0x556a839fba70, L_0x7efca7997268, L_0x556a839f6b10, C4<>;
L_0x556a839fb650 .functor MUXZ 1, L_0x556a839fbc00, L_0x7efca79971d8, L_0x556a839f6a20, C4<>;
L_0x556a839fb7e0 .functor MUXZ 1, L_0x556a839fb650, L_0x556a839f65c0, L_0x556a839f64d0, C4<>;
L_0x556a839fc0e0 .functor MUXZ 1, L_0x556a839fb7e0, L_0x7efca7997100, L_0x556a839f6080, C4<>;
L_0x556a839fc270 .functor MUXZ 1, L_0x556a839fc0e0, L_0x556a839f5f90, L_0x556a839f5b50, C4<>;
L_0x556a839fbd90 .functor MUXZ 1, L_0x556a839fc270, L_0x7efca7997028, L_0x556a839f5a60, C4<>;
L_0x556a839fbf20 .functor MUXZ 1, L_0x556a839fbd90, L_0x556a839f5630, L_0x556a839f5540, C4<>;
L_0x556a839fc770 .functor MUXZ 1, L_0x556a839fbf20, L_0x556a839f5120, L_0x556a839f5030, C4<>;
L_0x556a839fc900 .functor MUXZ 1, L_0x556a839fc770, L_0x7efca7996f08, L_0x556a839f4c20, C4<>;
L_0x556a839fc400 .cmp/eq 3, L_0x556a839c6220, L_0x7efca79974f0;
L_0x556a839fc4f0 .part L_0x556a839e9340, 16, 1;
L_0x556a839fc590 .cmp/eq 3, L_0x556a839c6220, L_0x7efca7997538;
L_0x556a839fc680 .cmp/eq 3, L_0x556a839c6220, L_0x7efca79975c8;
L_0x556a839fce30 .cmp/eq 3, L_0x556a839c6220, L_0x7efca7997658;
L_0x556a839fcf20 .cmp/eq 3, L_0x556a839c6220, L_0x7efca79976e8;
L_0x556a839fc9a0 .cmp/eq 3, L_0x556a839c6220, L_0x7efca7997778;
L_0x556a839fca90 .functor MUXZ 1, L_0x7efca7997808, L_0x7efca79977c0, L_0x556a839fc9a0, C4<>;
L_0x556a839fcc20 .functor MUXZ 1, L_0x556a839fca90, L_0x7efca7997730, L_0x556a839fcf20, C4<>;
L_0x556a839fd4c0 .functor MUXZ 1, L_0x556a839fcc20, L_0x7efca79976a0, L_0x556a839fce30, C4<>;
L_0x556a839fd0b0 .functor MUXZ 1, L_0x556a839fd4c0, L_0x7efca7997610, L_0x556a839fc680, C4<>;
L_0x556a839fd240 .functor MUXZ 1, L_0x556a839fd0b0, L_0x7efca7997580, L_0x556a839fc590, C4<>;
L_0x556a839fd3d0 .functor MUXZ 1, L_0x556a839fd240, L_0x556a839fc4f0, L_0x556a839fc400, C4<>;
L_0x556a839fdad0 .functor MUXZ 1, L_0x556a839fd3d0, L_0x556a839fc900, L_0x556a839f4b30, C4<>;
L_0x556a839fd650 .concat [ 16 16 0 0], L_0x556a839f4690, L_0x7efca7997850;
L_0x556a839fd740 .cmp/eq 32, L_0x556a839fd650, L_0x7efca7997898;
L_0x556a839fd880 .part L_0x556a839f4690, 15, 1;
L_0x556a839fd920 .part L_0x556a839f4690, 15, 1;
L_0x556a839fe070 .part L_0x556a839e8aa0, 15, 1;
L_0x556a839fe160 .part L_0x556a839e8aa0, 15, 1;
L_0x556a839fdb70 .part L_0x556a839e8c30, 15, 1;
S_0x556a838e0890 .scope module, "c0" "clock" 2 7, 4 3 0, S_0x556a8394b4b0;
 .timescale -12 -12;
    .port_info 0 /OUTPUT 1 "clk";
L_0x556a8398cda0 .functor BUFZ 1, v0x556a839b6e60_0, C4<0>, C4<0>, C4<0>;
v0x556a839b6da0_0 .net "clk", 0 0, L_0x556a8398cda0;  alias, 1 drivers
v0x556a839b6e60_0 .var "theClock", 0 0;
S_0x556a8394b280 .scope module, "ctr" "counter" 2 12, 5 1 0, S_0x556a8394b4b0;
 .timescale -12 -12;
    .port_info 0 /INPUT 1 "isHalt";
    .port_info 1 /INPUT 1 "clk";
    .port_info 2 /INPUT 16 "ret_val";
v0x556a839b6fe0_0 .net "clk", 0 0, L_0x556a8398cda0;  alias, 1 drivers
v0x556a839b70d0_0 .var "count", 31 0;
v0x556a839b71b0_0 .net "isHalt", 0 0, v0x556a839c4be0_0;  1 drivers
v0x556a839b7250_0 .net "ret_val", 15 0, L_0x556a839e84a0;  alias, 1 drivers
S_0x556a8394a460 .scope module, "regfile" "regfile" 2 95, 6 1 0, S_0x556a8394b4b0;
 .timescale -12 -12;
    .port_info 0 /INPUT 1 "clk";
    .port_info 1 /INPUT 3 "raddr0";
    .port_info 2 /OUTPUT 16 "rdata0";
    .port_info 3 /INPUT 3 "raddr1";
    .port_info 4 /OUTPUT 16 "rdata1";
    .port_info 5 /INPUT 1 "wen";
    .port_info 6 /INPUT 3 "waddr";
    .port_info 7 /INPUT 16 "wdata";
    .port_info 8 /OUTPUT 16 "ret_val";
v0x556a839b8740_3 .array/port v0x556a839b8740, 3;
L_0x556a839e84a0 .functor BUFZ 16, v0x556a839b8740_3, C4<0000000000000000>, C4<0000000000000000>, C4<0000000000000000>;
v0x556a839b7530_0 .net *"_ivl_0", 31 0, L_0x556a839d79e0;  1 drivers
v0x556a839b7610_0 .net *"_ivl_10", 15 0, L_0x556a839e7b80;  1 drivers
v0x556a839b76f0_0 .net *"_ivl_12", 4 0, L_0x556a839e7c20;  1 drivers
L_0x7efca7996140 .functor BUFT 1, C4<00>, C4<0>, C4<0>, C4<0>;
v0x556a839b77b0_0 .net *"_ivl_15", 1 0, L_0x7efca7996140;  1 drivers
v0x556a839b7890_0 .net *"_ivl_18", 31 0, L_0x556a839e7ef0;  1 drivers
L_0x7efca7996188 .functor BUFT 1, C4<00000000000000000000000000000>, C4<0>, C4<0>, C4<0>;
v0x556a839b79c0_0 .net *"_ivl_21", 28 0, L_0x7efca7996188;  1 drivers
L_0x7efca79961d0 .functor BUFT 1, C4<00000000000000000000000000000000>, C4<0>, C4<0>, C4<0>;
v0x556a839b7aa0_0 .net/2u *"_ivl_22", 31 0, L_0x7efca79961d0;  1 drivers
v0x556a839b7b80_0 .net *"_ivl_24", 0 0, L_0x556a839e7fe0;  1 drivers
L_0x7efca7996218 .functor BUFT 1, C4<0000000000000000>, C4<0>, C4<0>, C4<0>;
v0x556a839b7c40_0 .net/2u *"_ivl_26", 15 0, L_0x7efca7996218;  1 drivers
v0x556a839b7d20_0 .net *"_ivl_28", 15 0, L_0x556a839e8120;  1 drivers
L_0x7efca7996068 .functor BUFT 1, C4<00000000000000000000000000000>, C4<0>, C4<0>, C4<0>;
v0x556a839b7e00_0 .net *"_ivl_3", 28 0, L_0x7efca7996068;  1 drivers
v0x556a839b7ee0_0 .net *"_ivl_30", 4 0, L_0x556a839e8210;  1 drivers
L_0x7efca7996260 .functor BUFT 1, C4<00>, C4<0>, C4<0>, C4<0>;
v0x556a839b7fc0_0 .net *"_ivl_33", 1 0, L_0x7efca7996260;  1 drivers
L_0x7efca79960b0 .functor BUFT 1, C4<00000000000000000000000000000000>, C4<0>, C4<0>, C4<0>;
v0x556a839b80a0_0 .net/2u *"_ivl_4", 31 0, L_0x7efca79960b0;  1 drivers
v0x556a839b8180_0 .net *"_ivl_6", 0 0, L_0x556a839e7a90;  1 drivers
L_0x7efca79960f8 .functor BUFT 1, C4<0000000000000000>, C4<0>, C4<0>, C4<0>;
v0x556a839b8240_0 .net/2u *"_ivl_8", 15 0, L_0x7efca79960f8;  1 drivers
v0x556a839b8320_0 .net "clk", 0 0, L_0x556a8398cda0;  alias, 1 drivers
v0x556a839b83c0_0 .net "raddr0", 2 0, L_0x556a839d7350;  alias, 1 drivers
v0x556a839b84a0_0 .net "raddr1", 2 0, L_0x556a839d6b50;  alias, 1 drivers
v0x556a839b8580_0 .net "rdata0", 15 0, L_0x556a839e7d10;  alias, 1 drivers
v0x556a839b8660_0 .net "rdata1", 15 0, L_0x556a839e8300;  alias, 1 drivers
v0x556a839b8740 .array "regfile", 7 0, 15 0;
v0x556a839b8900_0 .net "ret_val", 15 0, L_0x556a839e84a0;  alias, 1 drivers
v0x556a839b89c0_0 .net "waddr", 2 0, L_0x556a839c6360;  alias, 1 drivers
v0x556a839b8a80_0 .net "wdata", 15 0, L_0x556a839ff7c0;  alias, 1 drivers
v0x556a839b8b60_0 .net "wen", 0 0, L_0x556a839d70b0;  alias, 1 drivers
L_0x556a839d79e0 .concat [ 3 29 0 0], L_0x556a839d7350, L_0x7efca7996068;
L_0x556a839e7a90 .cmp/eq 32, L_0x556a839d79e0, L_0x7efca79960b0;
L_0x556a839e7b80 .array/port v0x556a839b8740, L_0x556a839e7c20;
L_0x556a839e7c20 .concat [ 3 2 0 0], L_0x556a839d7350, L_0x7efca7996140;
L_0x556a839e7d10 .functor MUXZ 16, L_0x556a839e7b80, L_0x7efca79960f8, L_0x556a839e7a90, C4<>;
L_0x556a839e7ef0 .concat [ 3 29 0 0], L_0x556a839d6b50, L_0x7efca7996188;
L_0x556a839e7fe0 .cmp/eq 32, L_0x556a839e7ef0, L_0x7efca79961d0;
L_0x556a839e8120 .array/port v0x556a839b8740, L_0x556a839e8210;
L_0x556a839e8210 .concat [ 3 2 0 0], L_0x556a839d6b50, L_0x7efca7996260;
L_0x556a839e8300 .functor MUXZ 16, L_0x556a839e8120, L_0x7efca7996218, L_0x556a839e7fe0, C4<>;
S_0x556a839b8d90 .scope module, "simple_mem" "simple_mem" 2 97, 7 2 0, S_0x556a8394b4b0;
 .timescale -12 -12;
    .port_info 0 /INPUT 1 "clk";
    .port_info 1 /INPUT 16 "raddr0";
    .port_info 2 /OUTPUT 16 "rdata0";
    .port_info 3 /INPUT 16 "raddr1";
    .port_info 4 /OUTPUT 16 "rdata1";
    .port_info 5 /INPUT 1 "wen";
    .port_info 6 /INPUT 16 "waddr";
    .port_info 7 /INPUT 16 "wdata";
L_0x556a839e8740 .functor BUFZ 16, L_0x556a839e8510, C4<0000000000000000>, C4<0000000000000000>, C4<0000000000000000>;
L_0x556a839e8990 .functor BUFZ 16, L_0x556a839e8800, C4<0000000000000000>, C4<0000000000000000>, C4<0000000000000000>;
v0x556a839b9090_0 .net *"_ivl_0", 15 0, L_0x556a839e8510;  1 drivers
v0x556a839b9190_0 .net *"_ivl_10", 16 0, L_0x556a839e88a0;  1 drivers
L_0x7efca79962f0 .functor BUFT 1, C4<0>, C4<0>, C4<0>, C4<0>;
v0x556a839b9270_0 .net *"_ivl_13", 0 0, L_0x7efca79962f0;  1 drivers
v0x556a839b9330_0 .net *"_ivl_2", 16 0, L_0x556a839e85b0;  1 drivers
L_0x7efca79962a8 .functor BUFT 1, C4<0>, C4<0>, C4<0>, C4<0>;
v0x556a839b9410_0 .net *"_ivl_5", 0 0, L_0x7efca79962a8;  1 drivers
v0x556a839b9540_0 .net *"_ivl_8", 15 0, L_0x556a839e8800;  1 drivers
v0x556a839b9620_0 .net "clk", 0 0, L_0x556a8398cda0;  alias, 1 drivers
v0x556a839b96c0_0 .net "raddr0", 15 0, v0x556a839c5670_0;  1 drivers
v0x556a839b97a0_0 .net "raddr1", 15 0, L_0x556a839f4690;  alias, 1 drivers
v0x556a839b98f0 .array "ram", 32767 0, 15 0;
v0x556a839b9990_0 .net "rdata0", 15 0, L_0x556a839e8740;  alias, 1 drivers
v0x556a839b9a70_0 .net "rdata1", 15 0, L_0x556a839e8990;  alias, 1 drivers
v0x556a839b9b50_0 .net "waddr", 15 0, L_0x556a839f4690;  alias, 1 drivers
v0x556a839b9c10_0 .net "wdata", 15 0, L_0x556a839e8300;  alias, 1 drivers
v0x556a839b9cd0_0 .net "wen", 0 0, L_0x556a839d7210;  alias, 1 drivers
L_0x556a839e8510 .array/port v0x556a839b98f0, L_0x556a839e85b0;
L_0x556a839e85b0 .concat [ 16 1 0 0], v0x556a839c5670_0, L_0x7efca79962a8;
L_0x556a839e8800 .array/port v0x556a839b98f0, L_0x556a839e88a0;
L_0x556a839e88a0 .concat [ 16 1 0 0], L_0x556a839f4690, L_0x7efca79962f0;
    .scope S_0x556a838e0890;
T_0 ;
    %pushi/vec4 1, 0, 1;
    %store/vec4 v0x556a839b6e60_0, 0, 1;
    %end;
    .thread T_0;
    .scope S_0x556a838e0890;
T_1 ;
    %delay 500, 0;
    %load/vec4 v0x556a839b6e60_0;
    %nor/r;
    %store/vec4 v0x556a839b6e60_0, 0, 1;
    %jmp T_1;
    .thread T_1;
    .scope S_0x556a8394b280;
T_2 ;
    %pushi/vec4 0, 0, 32;
    %store/vec4 v0x556a839b70d0_0, 0, 32;
    %end;
    .thread T_2;
    .scope S_0x556a8394b280;
T_3 ;
    %wait E_0x556a83902f70;
    %load/vec4 v0x556a839b71b0_0;
    %flag_set/vec4 8;
    %jmp/0xz  T_3.0, 8;
    %vpi_call 5 7 "$fdisplay", 32'b10000000000000000000000000000010, "%d\012", v0x556a839b70d0_0 {0 0 0};
    %vpi_call 5 8 "$display", "%d", &PV<v0x556a839b7250_0, 0, 8> {0 0 0};
    %vpi_call 5 9 "$finish" {0 0 0};
T_3.0 ;
    %load/vec4 v0x556a839b70d0_0;
    %cmpi/e 500000, 0, 32;
    %jmp/0xz  T_3.2, 4;
    %vpi_call 5 12 "$display", "ran for 500000 cycles" {0 0 0};
    %vpi_call 5 13 "$finish" {0 0 0};
T_3.2 ;
    %load/vec4 v0x556a839b70d0_0;
    %addi 1, 0, 32;
    %assign/vec4 v0x556a839b70d0_0, 0;
    %jmp T_3;
    .thread T_3;
    .scope S_0x556a8394a460;
T_4 ;
    %wait E_0x556a83902f70;
    %load/vec4 v0x556a839b8b60_0;
    %flag_set/vec4 8;
    %jmp/0xz  T_4.0, 8;
    %load/vec4 v0x556a839b8a80_0;
    %load/vec4 v0x556a839b89c0_0;
    %pad/u 5;
    %ix/vec4 3;
    %ix/load 4, 0, 0; Constant delay
    %assign/vec4/a/d v0x556a839b8740, 0, 4;
T_4.0 ;
    %jmp T_4;
    .thread T_4;
    .scope S_0x556a839b8d90;
T_5 ;
    %vpi_call 7 11 "$readmemh", "add_test.hex", v0x556a839b98f0 {0 0 0};
    %end;
    .thread T_5;
    .scope S_0x556a839b8d90;
T_6 ;
    %wait E_0x556a83902f70;
    %load/vec4 v0x556a839b9cd0_0;
    %flag_set/vec4 8;
    %jmp/0xz  T_6.0, 8;
    %load/vec4 v0x556a839b9c10_0;
    %load/vec4 v0x556a839b9b50_0;
    %pad/u 17;
    %ix/vec4 3;
    %ix/load 4, 0, 0; Constant delay
    %assign/vec4/a/d v0x556a839b98f0, 0, 4;
T_6.0 ;
    %jmp T_6;
    .thread T_6;
    .scope S_0x556a83943da0;
T_7 ;
    %wait E_0x556a83902f70;
    %load/vec4 v0x556a839b65e0_0;
    %load/vec4 v0x556a839b6860_0;
    %concat/vec4; draw_concat_vec4
    %load/vec4 v0x556a839b6bc0_0;
    %concat/vec4; draw_concat_vec4
    %load/vec4 v0x556a839b60e0_0;
    %concat/vec4; draw_concat_vec4
    %assign/vec4 v0x556a839b6500_0, 0;
    %jmp T_7;
    .thread T_7;
    .scope S_0x556a8394b4b0;
T_8 ;
    %pushi/vec4 0, 0, 1;
    %store/vec4 v0x556a839c4be0_0, 0, 1;
    %pushi/vec4 0, 0, 16;
    %store/vec4 v0x556a839c5670_0, 0, 16;
    %end;
    .thread T_8;
    .scope S_0x556a8394b4b0;
T_9 ;
    %wait E_0x556a83902f70;
    %load/vec4 v0x556a839c5240_0;
    %cmpi/e 0, 0, 2;
    %flag_mov 8, 4;
    %jmp/0 T_9.0, 8;
    %load/vec4 v0x556a839c5670_0;
    %addi 1, 0, 16;
    %jmp/1 T_9.1, 8;
T_9.0 ; End of true expr.
    %load/vec4 v0x556a839c5240_0;
    %cmpi/e 1, 0, 2;
    %flag_mov 9, 4;
    %jmp/0 T_9.2, 9;
    %load/vec4 v0x556a839c5670_0;
    %load/vec4 v0x556a839c5de0_0;
    %add;
    %addi 1, 0, 16;
    %jmp/1 T_9.3, 9;
T_9.2 ; End of true expr.
    %load/vec4 v0x556a839c5240_0;
    %cmpi/e 2, 0, 2;
    %flag_mov 10, 4;
    %jmp/0 T_9.4, 10;
    %load/vec4 v0x556a839c5b80_0;
    %jmp/1 T_9.5, 10;
T_9.4 ; End of true expr.
    %pushi/vec4 0, 0, 16;
    %jmp/0 T_9.5, 10;
 ; End of false expr.
    %blend;
T_9.5;
    %jmp/0 T_9.3, 9;
 ; End of false expr.
    %blend;
T_9.3;
    %jmp/0 T_9.1, 8;
 ; End of false expr.
    %blend;
T_9.1;
    %assign/vec4 v0x556a839c5670_0, 0;
    %load/vec4 v0x556a839c5580_0;
    %pushi/vec4 7, 0, 3;
    %cmp/e;
    %flag_get/vec4 4;
    %load/vec4 v0x556a839c4d50_0;
    %pushi/vec4 0, 0, 7;
    %cmp/ne;
    %flag_get/vec4 4;
    %and;
    %assign/vec4 v0x556a839c4be0_0, 0;
    %jmp T_9;
    .thread T_9;
# The file index is used to find the file name in the following table.
:file_names 8;
    "N/A";
    "<interactive>";
    "cpu.v";
    "ALU.v";
    "clock.v";
    "counter.v";
    "regfile.v";
    "simple_mem.v";
